C251 COMPILER V5.60.0,  Duan                                                               28/08/22  23:11:03  PAGE 1   


C251 COMPILER V5.60.0, COMPILATION OF MODULE Duan
OBJECT MODULE PLACED IN .\Out_File\Duan.obj
COMPILER INVOKED BY: D:\keil5\C251\BIN\C251.EXE Duan.c XSMALL INTR2 WARNINGLEVEL(3) BROWSE INCDIR(..\..\Libraries\librar
                    -ies;..\..\Libraries\seekfree_libraries;..\..\Libraries\seekfree_peripheral;..\CODE;..\USER\inc;..\USER\src) DEBUG PRINT(
                    -.\Out_File\Duan.lst) TABS(2) OBJECT(.\Out_File\Duan.obj) 

stmt  level    source

    1          #include "headfile.h"
    2          #include "myfile.h"
    3          
    4          int8 Po_control_order=0;
    5          uint8 Po_control_Location=0;
    6          
    7          
    8          void Po_mode_switch()
    9          {
   10   1        if(Po_control_order==0)  //ä¸è¯¢é—®å¡çš„ä½ç½®
   11   1        {
   12   2          Po_control_Location = 0;  //
   13   2        }
   14   1        else if (Po_control_order==1)  //è¯¢é—®å¡æ˜¯å¦æ˜¯ä½œä¸ºä¸­é—´ç”µæ„Ÿç¬¬ä¸€ä¸ªå¯ä»¥å¢åŠ çš„åœ°æ–¹ã€å
             -³ä»–çš„å‰é¢æ²¡æœ‰ç¯
   15   1        {
   16   2          if(Huan_finish_count==0 && Po_finish_count==0)  //ç¯åœˆæ•°ä¸º0
   17   2          {
   18   3            Po_control_Location = 1;
   19   3          }
   20   2        }
   21   1        else if (Po_control_order==2)  //è¯¢é—®å¡æ˜¯å¦æ˜¯ä½œä¸ºä¸­é—´ç”µæ„Ÿç¬¬äºŒä¸ªå¯ä»¥å¢åŠ çš„åœ°æ–¹ã€å
             -³åœ¨ä»–ä¹‹å‰ä¼šè¿‡ä¸€æ¬¡ç¯
   22   1        {
   23   2          if(Huan_finish_count==1 && Po_finish_count==0)  //ç¯åœˆæ•°ä¸º1
   24   2          {
   25   3            Po_control_Location = 2;
   26   3          }
   27   2        }
   28   1        // else if (Po_control_order==3)  //è¯¢é—®å¡æ˜¯å¦æ˜¯ä½œä¸ºä¸­é—´ç”µæ„Ÿç¬¬ä¸‰ä¸ªå¯ä»¥å¢åŠ çš„åœ°æ–¹ã€
             -å³åœ¨ä»–ä¹‹å‰ä¼šè¿‡ä¸¤æ¬¡ç¯
   29   1        // {
   30   1        //  if(Huan_finish_count==2 && Po_finish_count==0)
   31   1        //  {
   32   1        //    Po_control_Location = 3;
   33   1        //  }
   34   1        // }
   35   1      }


Module Information          Static   Overlayable
------------------------------------------------
  code size            =        57     ------
  ecode size           =    ------     ------
  data size            =    ------     ------
  idata size           =    ------     ------
  pdata size           =    ------     ------
  xdata size           =    ------     ------
  xdata-const size     =    ------     ------
  edata size           =         2     ------
  bit size             =    ------     ------
  ebit size            =    ------     ------
  bitaddressable size  =    ------     ------
  ebitaddressable size =    ------     ------
  far data size        =    ------     ------
  huge data size       =    ------     ------
  const size           =    ------     ------
  hconst size          =        10     ------
C251 COMPILER V5.60.0,  Duan                                                               28/08/22  23:11:03  PAGE 2   

End of Module Information.


C251 COMPILATION COMPLETE.  0 WARNING(S),  0 ERROR(S)
