C251 COMPILER V5.60.0,  Gyroscope                                                          28/08/22  23:11:03  PAGE 1   


C251 COMPILER V5.60.0, COMPILATION OF MODULE Gyroscope
OBJECT MODULE PLACED IN .\Out_File\Gyroscope.obj
COMPILER INVOKED BY: D:\keil5\C251\BIN\C251.EXE Gyroscope.c XSMALL INTR2 WARNINGLEVEL(3) BROWSE INCDIR(..\..\Libraries\l
                    -ibraries;..\..\Libraries\seekfree_libraries;..\..\Libraries\seekfree_peripheral;..\CODE;..\USER\inc;..\USER\src) DEBUG P
                    -RINT(.\Out_File\Gyroscope.lst) TABS(2) OBJECT(.\Out_File\Gyroscope.obj) 

stmt  level    source

    1          #include "headfile.h"
    2          #include "myfile.h"
    3          
    4          extern int16 icm_gyro_x, icm_gyro_y, icm_gyro_z;
    5          extern int16 icm_acc_x, icm_acc_y, icm_acc_z;
    6          //é™€èºä»ªå†…ç½®ä¸‰è½´è§’é€Ÿåº¦è®¡å’Œä¸‰è½´åŠ é€Ÿåº¦è®¡
    7          #define PI 3.14159265
    8          float dt = 0.005f;     //ä¸­æ–­å‘¨æœŸ
    9          float Filter_Weight = 0.0035f;    //æ»¤æ³¢æƒé‡ï¼Œå€¼è¶Šå¤§è¡¨åŠ é€Ÿåº¦è®¡çš„å¯ä¿¡åº¦è¶Šé«˜
   10          float alpha = 0.4;
   11          int gyroscope_time = 0;
   12          float gyro_x = 0, gyro_y = 0, gyro_z = 0; //è§’é€Ÿåº¦è®¡é‡‡é›†åˆ°çš„åŸå§‹æ•°æ®æ¢ç®—å•ä½å
   13          float Angle_gz = 0;
   14          float acc_x = 0, acc_y = 0, acc_z = 0, acc_x_last = 0, acc_y_last = 0, acc_z_last = 0; //åŠ é€Ÿåº¦è®¡é‡‡é
             -›†åˆ°çš„åŸå§‹æ•°æ®æ¢ç®—å•ä½å
   15          float Angle_pitch = 0;
   16          float pit = 0, pittch = 0; // pitch:ä¿¯ä»°è§’  yaw:åèˆªè§’   èåˆåçš„è§’åº¦
   17          int16 Pitch = 0, Yaw = 0;                                 //æœ€ç»ˆè§’åº¦
   18          int16 GX = 0, GY = -6, GZ = 0;                            //è§’é€Ÿåº¦è®¡é›¶æ¼‚
   19          int16 AX = -220, AY = 0, AZ = -160;                       // -220 -160               //åŠ é€Ÿåº¦è®¡é›¶æ¼‚
   20          
   21          void data_change()  //é™€èºä»ªé‡‡é›†å›çš„åŸå§‹æ•°æ®å¤„ç†
   22          {
   23   1      
   24   1          //ä¸€é˜¶ä½é€šæ»¤æ³¢
   25   1          // acc_x = ((((float)(icm_acc_x - AX)) * alpha) / 4096) + acc_x_last * (1 - alpha);
   26   1          // acc_x_last = acc_x;
   27   1          // acc_y = ((((float)icm_acc_y) * alpha) / 4096) + acc_y_last * (1 - alpha);
   28   1          // acc_y_last = acc_y;
   29   1          // acc_z = ((((float)(icm_acc_z - AZ)) * alpha) / 4096) + acc_z_last * (1 - alpha);
   30   1          // acc_z_last = acc_z;
   31   1          if (icm_acc_x < 32764)
   32   1              acc_x = icm_acc_x / 4096.0; //è®¡ç®—xè½´åŠ é€Ÿåº¦
   33   1          else
   34   1              acc_x = 1 - (icm_acc_x - 49152) / 4096.0;
   35   1          if (icm_acc_y < 32764)
   36   1              acc_y = icm_acc_y / 4096.0; //è®¡ç®—yè½´åŠ é€Ÿåº¦
   37   1          else
   38   1              acc_y = 1 - (icm_acc_y - 49152) / 4096.0;
   39   1          if (icm_acc_z < 32764)
   40   1              acc_z = icm_acc_z / 4096.0; //è®¡ç®—zè½´åŠ é€Ÿåº¦
   41   1          else
   42   1              acc_z = (icm_acc_z - 49152) / 4096.0;
   43   1          // //åŠ é€Ÿåº¦åæ­£åˆ‡å…¬å¼è®¡ç®—ä¸‰ä¸ªè½´å’Œæ°´å¹³é¢åæ ‡ç³»ä¹‹é—´çš„å¤¹è§’
   44   1          // pitch_raw=(atan(accy/accz))*180/3.14;
   45   1          // roll_raw=(atan(accx/accz))*180/3.14;
   46   1          //åˆ¤æ–­è®¡ç®—åè§’åº¦çš„æ­£è´Ÿå·
   47   1          // if(accel_x<32764) roll_raw = +roll_raw;
   48   1          // if(accel_x>32764) roll_raw = -roll_raw;
   49   1          // if(accel_y<32764) pitch_raw = +pitch_raw;
   50   1          // if(accel_y>32764) pitch_raw = -pitch_raw;
   51   1      
   52   1          gyro_x = (float)icm_gyro_x;
   53   1          gyro_y = (float)(icm_gyro_y / 16.4);
   54   1          icm_gyro_z /= 16.4;
   55   1      
   56   1          // if (gyro_x < 32768)
C251 COMPILER V5.60.0,  Gyroscope                                                          28/08/22  23:11:03  PAGE 2   

   57   1          //     gyro_x = -(gyro_x / 16.4); //èŒƒå›´ä¸º1000deg/sæ—¶ï¼Œæ¢ç®—å…³ç³»ï¼š16.4 LSB/(deg/s)
   58   1          // //å‘åè¿åŠ¨
   59   1          // if (gyro_x > 32768)
   60   1          //     gyro_x = +(65535 - gyro_x) / 16.4;
   61   1          // //å‘å‰è¿åŠ¨
   62   1          // if (gyro_y < 32768)
   63   1          //     gyro_y = +(gyro_y / 16.4); //èŒƒå›´ä¸º1000deg/sæ—¶ï¼Œæ¢ç®—å…³ç³»ï¼š16.4 LSB/(deg/s)
   64   1          // //å‘åè¿åŠ¨
   65   1          // if (gyro_y > 32768)
   66   1          //     gyro_y = -(65535 - gyro_y) / 16.4;
   67   1          //å‘å‰è¿åŠ¨
   68   1          //    if(gyro_z<32768) gyro_z=-(gyro_z/16.4);//èŒƒå›´ä¸º1000deg/sæ—¶ï¼Œæ¢ç®—å…³ç³»ï¼š16.4 LSB/(deg/s
             -)
   69   1          //    //å‘åè¿åŠ¨
   70   1          //    if(gyro_z>32768) gyro_z=+(65535-gyro_z)/16.4;
   71   1      }
   72          
   73          void Angle_add()
   74          {
   75   1          data_change();
   76   1          Angle_pitch = (float)(((atan2((acc_x), (acc_z)) * 57.296)));                     //å¼§åº¦è½¬æ¢ä¸ºè§’
             -åº¦
   77   1          pit = (1 - Filter_Weight) * (pit - (gyro_y * dt)) + Angle_pitch * Filter_Weight; //ä¸€é˜¶äº’è¡¥æ»¤æ³¢
             -å…¬å¼
   78   1          Angle_gz = Angle_gz + icm_gyro_z * 0.005;                                       //è§’é€Ÿåº¦ç§¯åˆ†å¾—å
             -ˆ°å€¾æ–œè§’åº¦,è¶Šå¤§ç§¯åˆ†å‡ºæ¥çš„è§’åº¦è¶Šå¤§
   79   1          pittch = Complementary(Angle_pitch, gyro_y);
   80   1      }
   81          void Angle_Get()
   82          {
   83   1          Angle_add();
   84   1          if (gyroscope_time > 600)   //ä¸Šç”µ3såæ‰è·å–ä¿¯ä»°è§’
   85   1          {
   86   2              Pitch = (int16)pit;
   87   2          }
   88   1          Yaw = (int16)Angle_gz;
   89   1      }
   90          float Complementary(float newAngle, float newRate)   //äºŒé˜¶äº’è¡¥æ»¤æ³¢
   91          {
   92   1          float x1, y1, x2, pitch_angle;
   93   1          float k = 0.8;
   94   1          float dt2 = 0.005f;
   95   1          x1 = (newAngle - pitch_angle) * k * k;
   96   1          y1 = dt2 * x1 + y1;
   97   1          x2 = y1 + (newAngle - pitch_angle) * 2 * k + newRate;
   98   1          pitch_angle = dt2 * x2 + pitch_angle;
   99   1          return pitch_angle;
  100   1      }
  101          
  102          void icm_open()
  103          {
  104   1          get_icm20602_accdata_simiic();
  105   1          get_icm20602_gyro_simiic();
  106   1          Angle_Get();
  107   1      }
*** WARNING C183 IN LINE 93 OF Gyroscope.c: dead assignment eliminated
*** WARNING C183 IN LINE 94 OF Gyroscope.c: dead assignment eliminated
*** WARNING C184 IN LINE 95 OF Gyroscope.c: value of 'pitch_angle' possibly undefined
*** WARNING C184 IN LINE 96 OF Gyroscope.c: value of 'y1' possibly undefined


Module Information          Static   Overlayable
------------------------------------------------
  code size            =       524     ------
  ecode size           =    ------     ------
  data size            =    ------     ------
  idata size           =    ------     ------
C251 COMPILER V5.60.0,  Gyroscope                                                          28/08/22  23:11:03  PAGE 3   

  pdata size           =    ------     ------
  xdata size           =    ------     ------
  xdata-const size     =    ------     ------
  edata size           =        82     ------
  bit size             =    ------     ------
  ebit size            =    ------     ------
  bitaddressable size  =    ------     ------
  ebitaddressable size =    ------     ------
  far data size        =    ------     ------
  huge data size       =    ------     ------
  const size           =    ------     ------
  hconst size          =       182     ------
End of Module Information.


C251 COMPILATION COMPLETE.  4 WARNING(S),  0 ERROR(S)
