C251 COMPILER V5.60.0,  Motor                                                              25/09/22  22:19:06  PAGE 1   


C251 COMPILER V5.60.0, COMPILATION OF MODULE Motor
OBJECT MODULE PLACED IN .\Out_File\Motor.obj
COMPILER INVOKED BY: D:\Keil_v5\C251\BIN\C251.EXE Motor.c XSMALL INTR2 WARNINGLEVEL(3) BROWSE INCDIR(..\..\Libraries\lib
                    -raries;..\..\Libraries\seekfree_libraries;..\..\Libraries\seekfree_peripheral;..\CODE;..\USER\inc;..\USER\src) DEBUG PRI
                    -NT(.\Out_File\Motor.lst) TABS(2) OBJECT(.\Out_File\Motor.obj) 

stmt  level    source

    1          #include "headfile.h"
    2          #include "myfile.h"
    3          
    4          //ç¼–ç å™¨é‡‡é›†å›žæ¥çš„æ•°å€¼
    5          int16 templ_pluse = 0;
    6          int16 tempr_pluse = 0;
    7          uint8 lost_flag = 0;
    8          //æœŸæœ›é€Ÿåº¦
    9          int16 exp_speed_r = 0;
   10          int16 exp_speed_l = 0;
   11          int base = 150;
   12          int base_fork = 140, base_straight = 130, base_bend = 150, base_loop = 140, base_ramp = 110; //ä¸‰å²”ã€ç
             -›´é“ã€å¼¯é“ã€åœ†çŽ¯è°ƒé€Ÿ
   13          //æœŸæœ›ä¸Žå®žé™…çš„è¯¯å·®
   14          float L_err[3] = {0, 0, 0};
   15          float R_err[3] = {0, 0, 0};
   16          //ç”µæœºpidå‚æ•°
   17          // float KP_L=100,KD_L=137,KI_L=41;
   18          // float KP_R=100,KD_R=137,KI_R=41;
   19          // float KP_L = 53, KD_L = 41, KI_L = 20.5;
   20          // float KP_R = 53, KD_R = 41, KI_R = 20.5;
   21          float KP_L = 80, KD_L = 139, KI_L = 48;
   22          float KP_R = 80, KD_R = 139, KI_R = 48;
   23          //ç”µæœºè¾“å‡ºå ç©ºæ¯”
   24          int32 L_duty = 0, R_duty = 0;
   25          int16 L_sum = 0;
   26          int16 R_sum = 0;
   27          int flag_0 = 0;
   28          //ç³»æ•°
   29          int k = 14;
   30          //å®žé™…é€Ÿåº¦
   31          int16 L_speed, R_speed;
   32          //
   33          int8 number = 1;
   34          /*******************************************************************************
   35           * å‡½ æ•° å       :motor_control()
   36           * å‡½æ•°åŠŸèƒ½      : ç”µæœºé©±åŠ¨å‡½æ•°
   37           * è¾“    å…¥       : æ— 
   38           * è¾“    å‡º      : æ— 
   39           *******************************************************************************/
   40          void motor_control()
   41          {
   42   1        if (P36 == 0)
   43   1        {
   44   2          delay_ms(20);
   45   2          if (P36 == 0)
   46   2          {
   47   3            delay_ms(500);
   48   3            flag_0 = 1;
   49   3          }
   50   2        }
   51   1      
   52   1        if (flag_0 == 1)
   53   1        {
   54   2          if (L_duty > 0)
   55   2          {
   56   3            pwm_duty(PWMA_CH3P_P64, 0);
C251 COMPILER V5.60.0,  Motor                                                              25/09/22  22:19:06  PAGE 2   

   57   3            pwm_duty(PWMA_CH4P_P66, (uint32)L_duty); //æŽ§åˆ¶æ­£è½¬
   58   3          }
   59   2          else if (L_duty < 0)
   60   2          {
   61   3            pwm_duty(PWMA_CH3P_P64, (uint32)(-L_duty)); //æŽ§åˆ¶åè½¬
   62   3            pwm_duty(PWMA_CH4P_P66, 0);
   63   3          }
   64   2          if (R_duty > 0)
   65   2          {
   66   3            pwm_duty(PWMA_CH1P_P60, (uint32)(R_duty));
   67   3            pwm_duty(PWMA_CH2P_P62, 0);
   68   3          }
   69   2          else if (R_duty < 0)
   70   2          {
   71   3            pwm_duty(PWMA_CH2P_P62, (uint32)(-R_duty));
   72   3            pwm_duty(PWMA_CH1P_P60, 0);
   73   3          }
   74   2        }
   75   1      }
   76          /*******************************************************************************
   77           * å‡½ æ•° å       :encode()
   78           * å‡½æ•°åŠŸèƒ½      : ç¼–ç å™¨æµ‹é€Ÿå‡½æ•°
   79           * è¾“    å…¥       : æ— 
   80           * è¾“    å‡º      : æ— 
   81           *******************************************************************************/
   82          void encode()
   83          {
   84   1        templ_pluse = ctimer_count_read(SPEEDL_PLUSE);
   85   1        tempr_pluse = ctimer_count_read(SPEEDR_PLUSE);
   86   1      
   87   1        if (SPEEDL_DIR == 1)
   88   1        {
   89   2          templ_pluse = -templ_pluse;
   90   2        }
   91   1        if (SPEEDR_DIR == 1)
   92   1        {
   93   2          tempr_pluse = -tempr_pluse;
   94   2        }
   95   1      
   96   1        L_speed = templ_pluse; //å³è½®é€Ÿåº¦
   97   1        R_speed = tempr_pluse; //å·¦è½®é€Ÿåº¦
   98   1        //è®¡æ•°å™¨æ¸…é›¶
   99   1        ctimer_count_clean(SPEEDL_PLUSE);
  100   1        ctimer_count_clean(SPEEDR_PLUSE);
  101   1        road_L += (templ_pluse * 2 * (3.14159265) * 0.032) / 2250;
  102   1        road_R -= (tempr_pluse * 2 * (3.14159265) * 0.032) / 2250;
  103   1        road_sum = (road_L + road_R) / 2;
  104   1      }
  105          
  106          /*******************************************************************************
  107           * å‡½ æ•° å       :motor_CHA()
  108           * å‡½æ•°åŠŸèƒ½      :å·®é€Ÿ
  109           * è¾“    å…¥       : æ— 
  110           * è¾“    å‡º      : æ— 
  111           *******************************************************************************/
  112          void different_chaspeed()
  113          {
  114   1        if (lost_flag == 0)
  115   1        {
  116   2          exp_speed_r = base;
  117   2          exp_speed_l = -base;
  118   2          if (space_flag == 1)
  119   2          {
  120   3            if (Error_angle_out > 0 && inku == 0)
  121   3            {
  122   4              // exp_speed_l = exp_speed_l * (float)(Error_angle_out * (-0.005f) + 0.80f); // && space_flag!=1
C251 COMPILER V5.60.0,  Motor                                                              25/09/22  22:19:06  PAGE 3   

  123   4              // exp_speed_r = base + Error_angle_out * 0.15;
  124   4              exp_speed_l = exp_speed_l * (float)(Error_angle_out * (-0.005f) + 0.8f);
  125   4              exp_speed_r = base + (int16)(Error_angle_out * 0.10);
  126   4            }
  127   3            if (Error_angle_out < 0 && inku == 0) //
  128   3            {
  129   4              // exp_speed_r = exp_speed_r * (float)(Error_angle_out * (0.005f) + 0.80f); //
  130   4              // exp_speed_l = -(base + Error_angle_out * 0.15);
  131   4              exp_speed_r = exp_speed_r * (float)(Error_angle_out * (0.005f) + 0.8f);
  132   4              exp_speed_l = -(base + (int16)(Error_angle_out * 0.10));
  133   4            }
  134   3          }
  135   2          if (Error_angle_out > 0 && three_on == 0 && inku == 0 && space_flag != 1)
  136   2          {
  137   3            exp_speed_l = exp_speed_l * (float)(Error_angle_out * (-0.006f) + 0.80f); // && space_flag!=1
  138   3            exp_speed_r = base + Error_angle_out * 0.15;
  139   3            // exp_speed_l = exp_speed_l * (float)(Error_angle_out * (-0.0045f) + 0.99f);
  140   3            // exp_speed_r = base + (int16)(Error_angle_out * 0);
  141   3          }
  142   2          if (Error_angle_out < 0 && three_on == 0 && inku == 0 && space_flag != 1) //
  143   2          {
  144   3            exp_speed_r = exp_speed_r * (float)(Error_angle_out * (0.006f) + 0.80f); //
  145   3            exp_speed_l = -(base + Error_angle_out * 0.15);
  146   3            // exp_speed_l = exp_speed_l * (float)(Error_angle_out * (0.0045f) + 0.99f);
  147   3            // exp_speed_r = base + (int16)(Error_angle_out * 0);
  148   3          }
  149   2      
  150   2          if (Error_angle_out > 0 && (inku == 4 || inku == 3) && inku != 5)
  151   2          {
  152   3            exp_speed_l = exp_speed_l * (float)(Error_angle_out * (-0.008f) + 0.80f);
  153   3            exp_speed_r = base;
  154   3          }
  155   2          if (Error_angle_out < 0 && (inku == 4 || inku == 3) && inku != 5)
  156   2          {
  157   3            exp_speed_r = exp_speed_r * (float)(Error_angle_out * (0.008f) + 0.80f);
  158   3            exp_speed_l = -(base * 1.3);
  159   3          }
  160   2      
  161   2          //ä¸‰å²”è·¯å£æ—¶çš„å·®é€Ÿ
  162   2          if (Error_angle_out > 0 && three_on == 1 && inku == 0) //
  163   2          {
  164   3            exp_speed_l = exp_speed_l * (float)(Error_angle_out * (-0.008f) + 0.75f);
  165   3            exp_speed_r = base + (85 - MAD) * 0.1; // Error_angle_out * 0.1
  166   3          }
  167   2          if (Error_angle_out < 0 && three_on == 1 && inku == 0) //
  168   2          {
  169   3            exp_speed_r = exp_speed_r * (float)(Error_angle_out * (0.03f) + 0.90f);
  170   3            exp_speed_l = -(base + Error_angle_out * 0.3);
  171   3          }
  172   2        }
  173   1      }
  174          
  175          /*******************************************************************************
  176           * å‡½ æ•° å       :motor_pid()
  177           * å‡½æ•°åŠŸèƒ½    : ç”µæœºpidå‡½æ•°
  178           * è¾“    å…¥       : æ— 
  179           * è¾“    å‡º      : æ— 
  180           *******************************************************************************/
  181          void motor_pid()
  182          {
  183   1        if (MAD <= 6 && ZLAD <= 6 && ZRAD <= 6 && out_ku != 0 && inku == 0 && chuku_time > 400)
  184   1        {
  185   2          if ((three_on == 1 || three_in_L == 1 && three_in_R == 1) && fork_time < 200)
  186   2            lost_flag = 0;
  187   2          else
  188   2          {
C251 COMPILER V5.60.0,  Motor                                                              25/09/22  22:19:06  PAGE 4   

  189   3            lost_flag = 1;
  190   3          }
  191   2        }
  192   1      
  193   1        if (lost_flag == 0)
  194   1        {
  195   2          different_chaspeed();
  196   2        }
  197   1      
  198   1        if (lost_flag == 1) 
  199   1        {
  200   2          base = 0;
  201   2          exp_speed_r = 0;
  202   2          exp_speed_l = 0;
  203   2        }
  204   1      
  205   1        //å³è½®è¯¯å·®
  206   1        L_err[2] = L_err[1];
  207   1        L_err[1] = L_err[0];
  208   1        L_err[0] = exp_speed_r - L_speed;
  209   1        //å³è½®è¯¯å·®ç´¯è®¡
  210   1        L_sum += L_err[0];
  211   1      
  212   1        //å·¦è½®è¯¯å·®
  213   1        R_err[2] = R_err[1];
  214   1        R_err[1] = R_err[0];
  215   1        R_err[0] = exp_speed_l - R_speed;
  216   1        //å·¦è½®è¯¯å·®ç´¯è®¡
  217   1        R_sum += R_err[0];
  218   1        //å³è½®é™å¹…
  219   1        if (L_sum > A) // L_sum>1000 L_sum=1000
  220   1          L_sum = A;
  221   1        if (L_sum < -A)
  222   1          L_sum = -A;
  223   1        //å·¦è½®é™å¹…
  224   1        if (R_sum > A) // L_sum>1000 L_sum=1000
  225   1          R_sum = A;
  226   1        if (R_sum < -A)
  227   1          R_sum = -A;
  228   1      
  229   1        L_duty = (int32)(KP_L * L_err[0] + KI_L * L_sum + KD_L * (L_err[0] - L_err[1]));
  230   1        R_duty = (int32)(KP_R * R_err[0] + KI_R * R_sum + KD_R * (R_err[0] - R_err[1]));
  231   1      
  232   1        if (L_duty > C)
  233   1          L_duty = C;
  234   1        if (L_duty < -C)
  235   1          L_duty = -C;
  236   1      
  237   1        if (R_duty > C)
  238   1          R_duty = C;
  239   1        if (R_duty < -C)
  240   1          R_duty = -C;
  241   1      }
  242          
  243          /*******************************************************************************
  244           * å‡½ æ•° å       :huoer()
  245           * å‡½æ•°åŠŸèƒ½      : è±†è±†å†™çš„å¾ˆç‰›é€¼çš„éœå°”æ£€æµ‹
  246           * è¾“    å…¥       : æ— 
  247           * è¾“    å‡º      : æ— 
  248           *******************************************************************************/
  249          void huoer()
  250          {
  251   1        if (HALL_PIN == 0 && number < 24 && out_ku == 1) //&& hall_detection_count<3
  252   1        {                        //&& (cha_num == 2 || SLhuan_num == 2 || SRhuan_num == 2)
  253   2          number += 1;
  254   2          if (number >= 24)
C251 COMPILER V5.60.0,  Motor                                                              25/09/22  22:19:06  PAGE 5   

  255   2          {
  256   3            number = 0;
  257   3          }
  258   2        }
  259   1        if (number >= 5)
  260   1        {
  261   2          out_ku = 2;
  262   2          BEEP = 1;
  263   2        }
  264   1      }
  265          
  266          
  267          static int16 Ackerman = 380;//æ•°è¶Šå°ï¼Œå·®é€Ÿè¶Šå¤§ï¼Œæœ€å¤§ä¸è¦è¶…è¿‡410ï¼Œæœ€å°ä¸è¦180
  268          Â  Â  Â  Â  Â  Â  Â  Â  if (turn >= 0)
*** ERROR C16 IN LINE 268 OF Motor.c: unprintable character 0xC2 skipped
*** ERROR C16 IN LINE 268 OF Motor.c: unprintable character 0xA0 skipped
*** ERROR C16 IN LINE 268 OF Motor.c: unprintable character 0xC2 skipped
*** ERROR C16 IN LINE 268 OF Motor.c: unprintable character 0xA0 skipped
*** ERROR C16 IN LINE 268 OF Motor.c: unprintable character 0xC2 skipped
*** ERROR C16 IN LINE 268 OF Motor.c: unprintable character 0xA0 skipped
*** ERROR C16 IN LINE 268 OF Motor.c: unprintable character 0xC2 skipped
*** ERROR C16 IN LINE 268 OF Motor.c: unprintable character 0xA0 skipped
*** ERROR C16 IN LINE 268 OF Motor.c: unprintable character 0xC2 skipped
*** ERROR C16 IN LINE 268 OF Motor.c: unprintable character 0xA0 skipped
*** ERROR C16 IN LINE 268 OF Motor.c: unprintable character 0xC2 skipped
*** ERROR C16 IN LINE 268 OF Motor.c: unprintable character 0xA0 skipped
*** ERROR C16 IN LINE 268 OF Motor.c: unprintable character 0xC2 skipped
*** ERROR C16 IN LINE 268 OF Motor.c: unprintable character 0xA0 skipped
*** ERROR C16 IN LINE 268 OF Motor.c: unprintable character 0xC2 skipped
*** ERROR C16 IN LINE 268 OF Motor.c: unprintable character 0xA0 skipped
*** ERROR C25 IN LINE 268 OF Motor.c: syntax error near 'if'
*** ERROR C25 IN LINE 268 OF Motor.c: syntax error near '>='
  269          Â  Â  Â  Â  Â  Â  Â  Â  {
*** ERROR C16 IN LINE 269 OF Motor.c: unprintable character 0xC2 skipped
*** ERROR C16 IN LINE 269 OF Motor.c: unprintable character 0xA0 skipped
*** ERROR C16 IN LINE 269 OF Motor.c: unprintable character 0xC2 skipped
*** ERROR C16 IN LINE 269 OF Motor.c: unprintable character 0xA0 skipped
*** ERROR C16 IN LINE 269 OF Motor.c: unprintable character 0xC2 skipped
*** ERROR C16 IN LINE 269 OF Motor.c: unprintable character 0xA0 skipped
*** ERROR C16 IN LINE 269 OF Motor.c: unprintable character 0xC2 skipped
*** ERROR C16 IN LINE 269 OF Motor.c: unprintable character 0xA0 skipped
*** ERROR C16 IN LINE 269 OF Motor.c: unprintable character 0xC2 skipped
*** ERROR C16 IN LINE 269 OF Motor.c: unprintable character 0xA0 skipped
*** ERROR C16 IN LINE 269 OF Motor.c: unprintable character 0xC2 skipped
*** ERROR C16 IN LINE 269 OF Motor.c: unprintable character 0xA0 skipped
*** ERROR C16 IN LINE 269 OF Motor.c: unprintable character 0xC2 skipped
*** ERROR C16 IN LINE 269 OF Motor.c: unprintable character 0xA0 skipped
*** ERROR C16 IN LINE 269 OF Motor.c: unprintable character 0xC2 skipped
*** ERROR C16 IN LINE 269 OF Motor.c: unprintable character 0xA0 skipped
  270          Â  Â  Â  Â  Â  Â  Â  Â  Â  Â  L_Motor.exp_speed = (int)(L_except-PWM_decrease) *(1.0-1.0*(tan((float)turn
             -*10*PI/Ackerman)*0.396));
*** ERROR C16 IN LINE 270 OF Motor.c: unprintable character 0xC2 skipped
*** ERROR C16 IN LINE 270 OF Motor.c: unprintable character 0xA0 skipped
*** ERROR C16 IN LINE 270 OF Motor.c: unprintable character 0xC2 skipped
*** ERROR C16 IN LINE 270 OF Motor.c: unprintable character 0xA0 skipped
*** ERROR C16 IN LINE 270 OF Motor.c: unprintable character 0xC2 skipped
*** ERROR C16 IN LINE 270 OF Motor.c: unprintable character 0xA0 skipped
*** ERROR C16 IN LINE 270 OF Motor.c: unprintable character 0xC2 skipped
*** ERROR C16 IN LINE 270 OF Motor.c: unprintable character 0xA0 skipped
*** ERROR C16 IN LINE 270 OF Motor.c: unprintable character 0xC2 skipped
*** ERROR C16 IN LINE 270 OF Motor.c: unprintable character 0xA0 skipped
*** ERROR C16 IN LINE 270 OF Motor.c: unprintable character 0xC2 skipped
*** ERROR C16 IN LINE 270 OF Motor.c: unprintable character 0xA0 skipped
*** ERROR C16 IN LINE 270 OF Motor.c: unprintable character 0xC2 skipped
*** ERROR C16 IN LINE 270 OF Motor.c: unprintable character 0xA0 skipped
*** ERROR C16 IN LINE 270 OF Motor.c: unprintable character 0xC2 skipped
C251 COMPILER V5.60.0,  Motor                                                              25/09/22  22:19:06  PAGE 6   

*** ERROR C16 IN LINE 270 OF Motor.c: unprintable character 0xA0 skipped
*** ERROR C16 IN LINE 270 OF Motor.c: unprintable character 0xC2 skipped
*** ERROR C16 IN LINE 270 OF Motor.c: unprintable character 0xA0 skipped
*** ERROR C16 IN LINE 270 OF Motor.c: unprintable character 0xC2 skipped
*** ERROR C16 IN LINE 270 OF Motor.c: unprintable character 0xA0 skipped
*** ERROR C25 IN LINE 270 OF Motor.c: syntax error near '.'
*** ERROR C67 IN LINE 270 OF Motor.c: 'L_except': undefined identifier
*** ERROR C67 IN LINE 270 OF Motor.c: 'PWM_decrease': undefined identifier
*** ERROR C67 IN LINE 270 OF Motor.c: 'turn': undefined identifier
*** ERROR C67 IN LINE 270 OF Motor.c: 'PI': undefined identifier
  271          Â  Â  Â  Â  Â  Â  Â  Â  Â  Â  R_Motor.exp_speed = (int)(R_except-PWM_decrease) *(1.0+0*(tan((float)turn*1
             -0*PI/Ackerman)*0.396));
*** ERROR C16 IN LINE 271 OF Motor.c: unprintable character 0xC2 skipped
*** ERROR C16 IN LINE 271 OF Motor.c: unprintable character 0xA0 skipped
*** ERROR C16 IN LINE 271 OF Motor.c: unprintable character 0xC2 skipped
*** ERROR C16 IN LINE 271 OF Motor.c: unprintable character 0xA0 skipped
*** ERROR C16 IN LINE 271 OF Motor.c: unprintable character 0xC2 skipped
*** ERROR C16 IN LINE 271 OF Motor.c: unprintable character 0xA0 skipped
*** ERROR C16 IN LINE 271 OF Motor.c: unprintable character 0xC2 skipped
*** ERROR C16 IN LINE 271 OF Motor.c: unprintable character 0xA0 skipped
*** ERROR C16 IN LINE 271 OF Motor.c: unprintable character 0xC2 skipped
*** ERROR C16 IN LINE 271 OF Motor.c: unprintable character 0xA0 skipped
*** ERROR C16 IN LINE 271 OF Motor.c: unprintable character 0xC2 skipped
*** ERROR C16 IN LINE 271 OF Motor.c: unprintable character 0xA0 skipped
*** ERROR C16 IN LINE 271 OF Motor.c: unprintable character 0xC2 skipped
*** ERROR C16 IN LINE 271 OF Motor.c: unprintable character 0xA0 skipped
*** ERROR C16 IN LINE 271 OF Motor.c: unprintable character 0xC2 skipped
*** ERROR C16 IN LINE 271 OF Motor.c: unprintable character 0xA0 skipped
*** ERROR C16 IN LINE 271 OF Motor.c: unprintable character 0xC2 skipped
*** ERROR C16 IN LINE 271 OF Motor.c: unprintable character 0xA0 skipped
*** ERROR C16 IN LINE 271 OF Motor.c: unprintable character 0xC2 skipped
*** ERROR C16 IN LINE 271 OF Motor.c: unprintable character 0xA0 skipped
*** ERROR C25 IN LINE 271 OF Motor.c: syntax error near '.'
*** ERROR C67 IN LINE 271 OF Motor.c: 'R_except': undefined identifier
*** ERROR C67 IN LINE 271 OF Motor.c: 'PWM_decrease': undefined identifier
*** ERROR C67 IN LINE 271 OF Motor.c: 'turn': undefined identifier
*** ERROR C67 IN LINE 271 OF Motor.c: 'PI': undefined identifier
  272          Â  Â  Â  Â  Â  Â  Â  Â  Â  Â // if(L_Motor.exp_speed<=110)L_Motor.exp_speed=110;
*** ERROR C16 IN LINE 272 OF Motor.c: unprintable character 0xC2 skipped
*** ERROR C16 IN LINE 272 OF Motor.c: unprintable character 0xA0 skipped
*** ERROR C16 IN LINE 272 OF Motor.c: unprintable character 0xC2 skipped
*** ERROR C16 IN LINE 272 OF Motor.c: unprintable character 0xA0 skipped
*** ERROR C16 IN LINE 272 OF Motor.c: unprintable character 0xC2 skipped
*** ERROR C16 IN LINE 272 OF Motor.c: unprintable character 0xA0 skipped
*** ERROR C16 IN LINE 272 OF Motor.c: unprintable character 0xC2 skipped
*** ERROR C16 IN LINE 272 OF Motor.c: unprintable character 0xA0 skipped
*** ERROR C16 IN LINE 272 OF Motor.c: unprintable character 0xC2 skipped
*** ERROR C16 IN LINE 272 OF Motor.c: unprintable character 0xA0 skipped
*** ERROR C16 IN LINE 272 OF Motor.c: unprintable character 0xC2 skipped
