C251 COMPILER V5.60.0,  SEEKFREE_WIRELESS_CH573                                            25/09/22  22:19:03  PAGE 1   


C251 COMPILER V5.60.0, COMPILATION OF MODULE SEEKFREE_WIRELESS_CH573
OBJECT MODULE PLACED IN .\Out_File\SEEKFREE_WIRELESS_CH573.obj
COMPILER INVOKED BY: D:\Keil_v5\C251\BIN\C251.EXE ..\..\Libraries\seekfree_peripheral\SEEKFREE_WIRELESS_CH573.c XSMALL I
                    -NTR2 WARNINGLEVEL(3) BROWSE INCDIR(..\..\Libraries\libraries;..\..\Libraries\seekfree_libraries;..\..\Libraries\seekfree
                    -_peripheral;..\CODE;..\USER\inc;..\USER\src) DEBUG PRINT(.\Out_File\SEEKFREE_WIRELESS_CH573.lst) TABS(2) OBJECT(.\Out_Fi
                    -le\SEEKFREE_WIRELESS_CH573.obj) 

stmt  level    source

    1          /********************************************************************************************************
             -*************
    2          * COPYRIGHT NOTICE
    3          * Copyright (c) 2019,逐飞科技
    4          * All rights reserved.
    5          *
    6          * 以下所有内容版权均属逐飞科技所有，未经允许不得用于商业用途，
    7          * 欢迎各位使用并传播本程序，修改内容时必须保留逐飞科技的版权声明。
    8          *
    9          * @file             zf_device_wireless_ch573
   10          * @company          成都逐飞科技有限公司
   11          * @author           逐飞科技(QQ790875685)
   12          * @version          查看doc内version文件 版本说明
   13          * @Software         MounRiver Studio V1.51
   14          * @Target core      CH32V307VCT6
   15          * @Taobao           https://seekfree.taobao.com/
   16          * @date             2022-03-02
   17          * @note
   18          *********************************************************************************************************
             -***********/
   19          
   20          #include "SEEKFREE_WIRELESS_CH573.h"
   21          #include "zf_uart.h"
   22          #include "zf_fifo.h"
   23          
   24          
   25          static  fifo_struct     wireless_ch573_fifo;
   26          static  uint8           wireless_ch573_buffer[WIRELESS_CH573_BUFFER_SIZE];  // 数据存放数组
   27          
   28          static          uint8   wireless_ch573_data;
   29          
   30          
   31          //-------------------------------------------------------------------------------------------------------
             -------------
   32          //  @brief      573转串口模块回调函数
   33          //  @param      NULL
   34          //  @return     void          
   35          //  @since      v1.0
   36          //  Sample usage: 
   37          //  @note       
   38          //-------------------------------------------------------------------------------------------------------
             -------------
   39          void wireless_ch573_callback(void)
   40          {
   41   1          //接到一个字节后单片机将会进入串口中断，通过在此处读取wireless_ch573_data可以取走数据
   42   1          wireless_ch573_data = WIRELESS_CH573_DATA_BUF;
   43   1          fifo_write_buffer(&wireless_ch573_fifo, &wireless_ch573_data, 1);       // 存入 FIFO
   44   1      }
   45          
   46          
   47          
   48          
   49          //-------------------------------------------------------------------------------------------------------
             -------------
   50          //  @brief      573转串口模块 发送函数
   51          //  @param      buff        需要发送的数据地址
C251 COMPILER V5.60.0,  SEEKFREE_WIRELESS_CH573                                            25/09/22  22:19:03  PAGE 2   

   52          //  @param      len         发送长度
   53          //  @return     uint32      剩余未发送的字节数   
   54          //  @since      v1.0
   55          //  Sample usage: 
   56          //  @note       
   57          //-------------------------------------------------------------------------------------------------------
             -------------
   58          uint32 wireless_ch573_send_buff(uint8 *buff, uint16 len)
   59          {
   60   1          while(len>30)
   61   1          {
   62   2              if(WIRELESS_CH573_RTS_PIN == 1)  
   63   2              {
   64   3                  return len;//模块忙,如果允许当前程序使用while等待 则可以使用后面注释的while等待语句替换本if语
             -句
   65   3              }
   66   2              //while(RTS_PIN);  //如果RTS为低电平，则继续发送数据
   67   2              uart_putbuff(WIRELESS_CH573_UART,buff,30);
   68   2      
   69   2              buff += 30; //地址偏移
   70   2              len -= 30;//数量
   71   2          }
   72   1          
   73   1          if(WIRELESS_CH573_RTS_PIN == 1)  
   74   1          {
   75   2              return len;//模块忙,如果允许当前程序使用while等待 则可以使用后面注释的while等待语句替换本if语句
   76   2          }
   77   1          //while(WIRELESS_CH573_RTS_PIN);  //如果RTS为低电平，则继续发送数据
   78   1          uart_putbuff(WIRELESS_CH573,buff,len);//发送最后的数据
   79   1          
   80   1          return 0;
   81   1      }
   82          
   83          
   84          //-------------------------------------------------------------------------------------------------------
             -------------
   85          //  @brief      无线转串口模块 读取函数
   86          //  @param      buff            存储的数据地址
   87          //  @param      len             长度
   88          //  @return     uint32          实际读取字节数
   89          //  Sample usage:
   90          //-------------------------------------------------------------------------------------------------------
             -------------
   91          uint32 wireless_ch573_read_buff (uint8 *buff, uint32 len)
   92          {
   93   1          uint32 data_len = len;
   94   1          fifo_read_buffer(&wireless_ch573_fifo, buff, &data_len, FIFO_READ_AND_CLEAN);
   95   1          return data_len;
   96   1      }
   97          
   98          
   99          
  100          
  101          
  102          //-------------------------------------------------------------------------------------------------------
             -------------
  103          //  @brief      573转串口模块初始化
  104          //  @param      NULL
  105          //  @return     void          
  106          //  @since      v1.0
  107          //  Sample usage: 
  108          //  @note       
  109          //-------------------------------------------------------------------------------------------------------
             -------------
  110          void wireless_ch573_init(void)
  111          {
C251 COMPILER V5.60.0,  SEEKFREE_WIRELESS_CH573                                            25/09/22  22:19:03  PAGE 3   

  112   1          WIRELESS_CH573_RTS_PIN = 0;
  113   1          wireless_type = WIRELESS_CH573;
  114   1          //本函数使用的波特率为115200，为573转串口模块的默认波特率，如需其他波特率请自行配置模块并修改串口的波
             -特率
  115   1          fifo_init(&wireless_ch573_fifo, wireless_ch573_buffer, WIRELESS_CH573_BUFFER_SIZE);
  116   1          uart_init(WIRELESS_CH573_UART, WIRELESS_CH573_UART_RX_PIN, WIRELESS_CH573_UART_TX_PIN, WIRELESS_CH573
             -_UART_BAUD, WIRELESS_CH573_TIMER_N); //初始化串口    
  117   1          
  118   1      }
  119          
  120          


Module Information          Static   Overlayable
------------------------------------------------
  code size            =       212     ------
  ecode size           =    ------     ------
  data size            =    ------     ------
  idata size           =    ------     ------
  pdata size           =    ------     ------
  xdata size           =    ------     ------
  xdata-const size     =    ------     ------
  edata size           =        85          6
  bit size             =    ------     ------
  ebit size            =    ------     ------
  bitaddressable size  =    ------     ------
  ebitaddressable size =    ------     ------
  far data size        =    ------     ------
  huge data size       =    ------     ------
  const size           =    ------     ------
  hconst size          =    ------     ------
End of Module Information.


C251 COMPILATION COMPLETE.  0 WARNING(S),  0 ERROR(S)
