C251 COMPILER V5.60.0,  SEEKFREE_FONT                                                      25/09/22  22:19:00  PAGE 1   


C251 COMPILER V5.60.0, COMPILATION OF MODULE SEEKFREE_FONT
OBJECT MODULE PLACED IN .\Out_File\SEEKFREE_FONT.obj
COMPILER INVOKED BY: D:\Keil_v5\C251\BIN\C251.EXE ..\..\Libraries\seekfree_peripheral\SEEKFREE_FONT.c XSMALL INTR2 WARNI
                    -NGLEVEL(3) BROWSE INCDIR(..\..\Libraries\libraries;..\..\Libraries\seekfree_libraries;..\..\Libraries\seekfree_periphera
                    -l;..\CODE;..\USER\inc;..\USER\src) DEBUG PRINT(.\Out_File\SEEKFREE_FONT.lst) TABS(2) OBJECT(.\Out_File\SEEKFREE_FONT.obj
                    -) 

stmt  level    source

    1          /********************************************************************************************************
             -*************
    2           * COPYRIGHT NOTICE
    3           * Copyright (c) 2018,逐飞科技
    4           * All rights reserved.
    5           * 技术讨论QQ群：一群：179029047(已满)  二群：244861897
    6           *
    7           * 以下所有内容版权均属逐飞科技所有，未经允许不得用于商业用途，
    8           * 欢迎各位使用并传播本程序，修改内容时必须保留逐飞科技的版权声明。
    9           *
   10           * @file          字体文件
   11           * @company       成都逐飞科技有限公司
   12           * @author        逐飞科技(QQ3184284598)
   13           * @version       查看doc内version文件 版本说明
   14           * @Software    MDK FOR C251 V5.60
   15           * @Taobao      https://seekfree.taobao.com/
   16           * @date          2018-05-24
   17           ********************************************************************************************************
             -************/
   18          
   19          
   20          #include "SEEKFREE_FONT.h"
   21          
   22          
   23          const uint8 code tft_ascii[95][16] = 
   24          {
   25            {0x00,0x00,0x00,0x00,0x00,0x00,0x00,0x00,0x00,0x00,0x00,0x00,0x00,0x00,0x00,0x00},/*" ",0*/
   26          
   27            {0x00,0x00,0x00,0x08,0x08,0x08,0x08,0x08,0x08,0x08,0x00,0x00,0x08,0x08,0x00,0x00},/*"!",1*/
   28          
   29            {0x00,0x48,0x24,0x24,0x12,0x00,0x00,0x00,0x00,0x00,0x00,0x00,0x00,0x00,0x00,0x00},/*""",2*/
   30          
   31            {0x00,0x00,0x00,0x48,0x48,0x48,0x7E,0x24,0x24,0x24,0x7E,0x24,0x24,0x24,0x00,0x00},/*"#",3*/
   32          
   33            {0x00,0x00,0x10,0x3C,0x52,0x52,0x12,0x1C,0x30,0x50,0x50,0x52,0x52,0x3C,0x10,0x10},/*"$",4*/
   34          
   35            {0x00,0x00,0x00,0x22,0x25,0x15,0x15,0x0D,0x2A,0x58,0x54,0x54,0x52,0x22,0x00,0x00},/*"%",5*/
   36          
   37            {0x00,0x00,0x00,0x0C,0x12,0x12,0x12,0x0A,0x76,0x25,0x29,0x19,0x91,0x6E,0x00,0x00},/*"&",6*/
   38          
   39            {0x00,0x06,0x04,0x04,0x02,0x00,0x00,0x00,0x00,0x00,0x00,0x00,0x00,0x00,0x00,0x00},/*"'",7*/
   40          
   41            {0x00,0x40,0x20,0x10,0x10,0x08,0x08,0x08,0x08,0x08,0x08,0x10,0x10,0x20,0x40,0x00},/*"(",8*/
   42          
   43            {0x00,0x02,0x04,0x08,0x08,0x10,0x10,0x10,0x10,0x10,0x10,0x08,0x08,0x04,0x02,0x00},/*")",9*/
   44          
   45            {0x00,0x00,0x00,0x00,0x08,0x08,0x6B,0x1C,0x1C,0x6B,0x08,0x08,0x00,0x00,0x00,0x00},/*"*",10*/
   46          
   47            {0x00,0x00,0x00,0x00,0x00,0x10,0x10,0x10,0xFE,0x10,0x10,0x10,0x00,0x00,0x00,0x00},/*"+",11*/
   48          
   49            {0x00,0x00,0x00,0x00,0x00,0x00,0x00,0x00,0x00,0x00,0x00,0x00,0x06,0x04,0x04,0x02},/*",",12*/
   50          
   51            {0x00,0x00,0x00,0x00,0x00,0x00,0x00,0x00,0x7E,0x00,0x00,0x00,0x00,0x00,0x00,0x00},/*"-",13*/
   52          
   53            {0x00,0x00,0x00,0x00,0x00,0x00,0x00,0x00,0x00,0x00,0x00,0x00,0x06,0x06,0x00,0x00},/*".",14*/
   54          
C251 COMPILER V5.60.0,  SEEKFREE_FONT                                                      25/09/22  22:19:00  PAGE 2   

   55            {0x00,0x00,0x40,0x20,0x20,0x20,0x10,0x10,0x08,0x08,0x08,0x04,0x04,0x02,0x02,0x00},/*"/",15*/
   56          
   57            {0x00,0x00,0x00,0x18,0x24,0x42,0x42,0x42,0x42,0x42,0x42,0x42,0x24,0x18,0x00,0x00},/*"0",16*/
   58          
   59            {0x00,0x00,0x00,0x10,0x1C,0x10,0x10,0x10,0x10,0x10,0x10,0x10,0x10,0x7C,0x00,0x00},/*"1",17*/
   60          
   61            {0x00,0x00,0x00,0x3C,0x42,0x42,0x42,0x40,0x20,0x10,0x08,0x04,0x42,0x7E,0x00,0x00},/*"2",18*/
   62          
   63            {0x00,0x00,0x00,0x3C,0x42,0x42,0x40,0x20,0x18,0x20,0x40,0x42,0x42,0x3C,0x00,0x00},/*"3",19*/
   64          
   65            {0x00,0x00,0x00,0x20,0x30,0x30,0x28,0x24,0x24,0x22,0xFE,0x20,0x20,0xF8,0x00,0x00},/*"4",20*/
   66          
   67            {0x00,0x00,0x00,0x7E,0x02,0x02,0x02,0x1E,0x22,0x40,0x40,0x42,0x22,0x1C,0x00,0x00},/*"5",21*/
   68          
   69            {0x00,0x00,0x00,0x18,0x24,0x02,0x02,0x3A,0x46,0x42,0x42,0x42,0x44,0x38,0x00,0x00},/*"6",22*/
   70          
   71            {0x00,0x00,0x00,0x7E,0x42,0x20,0x20,0x10,0x10,0x08,0x08,0x08,0x08,0x08,0x00,0x00},/*"7",23*/
   72          
   73            {0x00,0x00,0x00,0x3C,0x42,0x42,0x42,0x24,0x18,0x24,0x42,0x42,0x42,0x3C,0x00,0x00},/*"8",24*/
   74          
   75            {0x00,0x00,0x00,0x1C,0x22,0x42,0x42,0x42,0x62,0x5C,0x40,0x40,0x24,0x18,0x00,0x00},/*"9",25*/
   76          
   77            {0x00,0x00,0x00,0x00,0x00,0x00,0x18,0x18,0x00,0x00,0x00,0x00,0x18,0x18,0x00,0x00},/*":",26*/
   78          
   79            {0x00,0x00,0x00,0x00,0x00,0x00,0x00,0x08,0x00,0x00,0x00,0x00,0x00,0x08,0x08,0x08},/*";",27*/
   80          
   81            {0x00,0x00,0x00,0x40,0x20,0x10,0x08,0x04,0x02,0x04,0x08,0x10,0x20,0x40,0x00,0x00},/*"<",28*/
   82          
   83            {0x00,0x00,0x00,0x00,0x00,0x00,0x7E,0x00,0x00,0x7E,0x00,0x00,0x00,0x00,0x00,0x00},/*"=",29*/
   84          
   85            {0x00,0x00,0x00,0x02,0x04,0x08,0x10,0x20,0x40,0x20,0x10,0x08,0x04,0x02,0x00,0x00},/*">",30*/
   86          
   87            {0x00,0x00,0x00,0x3C,0x42,0x42,0x46,0x20,0x10,0x10,0x10,0x00,0x18,0x18,0x00,0x00},/*"?",31*/
   88          
   89            {0x00,0x00,0x00,0x1C,0x22,0x5A,0x55,0x55,0x55,0x55,0x55,0x3A,0x42,0x3C,0x00,0x00},/*"@",32*/
   90          
   91            {0x00,0x00,0x00,0x08,0x08,0x18,0x14,0x14,0x24,0x3C,0x22,0x42,0x42,0xE7,0x00,0x00},/*"A",33*/
   92          
   93            {0x00,0x00,0x00,0x1F,0x22,0x22,0x22,0x1E,0x22,0x42,0x42,0x42,0x22,0x1F,0x00,0x00},/*"B",34*/
   94          
   95            {0x00,0x00,0x00,0x7C,0x42,0x42,0x01,0x01,0x01,0x01,0x01,0x42,0x22,0x1C,0x00,0x00},/*"C",35*/
   96          
   97            {0x00,0x00,0x00,0x1F,0x22,0x42,0x42,0x42,0x42,0x42,0x42,0x42,0x22,0x1F,0x00,0x00},/*"D",36*/
   98          
   99            {0x00,0x00,0x00,0x3F,0x42,0x12,0x12,0x1E,0x12,0x12,0x02,0x42,0x42,0x3F,0x00,0x00},/*"E",37*/
  100          
  101            {0x00,0x00,0x00,0x3F,0x42,0x12,0x12,0x1E,0x12,0x12,0x02,0x02,0x02,0x07,0x00,0x00},/*"F",38*/
  102          
  103            {0x00,0x00,0x00,0x3C,0x22,0x22,0x01,0x01,0x01,0x71,0x21,0x22,0x22,0x1C,0x00,0x00},/*"G",39*/
  104          
  105            {0x00,0x00,0x00,0xE7,0x42,0x42,0x42,0x42,0x7E,0x42,0x42,0x42,0x42,0xE7,0x00,0x00},/*"H",40*/
  106          
  107            {0x00,0x00,0x00,0x3E,0x08,0x08,0x08,0x08,0x08,0x08,0x08,0x08,0x08,0x3E,0x00,0x00},/*"I",41*/
  108          
  109            {0x00,0x00,0x00,0x7C,0x10,0x10,0x10,0x10,0x10,0x10,0x10,0x10,0x10,0x10,0x11,0x0F},/*"J",42*/
  110          
  111            {0x00,0x00,0x00,0x77,0x22,0x12,0x0A,0x0E,0x0A,0x12,0x12,0x22,0x22,0x77,0x00,0x00},/*"K",43*/
  112          
  113            {0x00,0x00,0x00,0x07,0x02,0x02,0x02,0x02,0x02,0x02,0x02,0x02,0x42,0x7F,0x00,0x00},/*"L",44*/
  114          
  115            {0x00,0x00,0x00,0x77,0x36,0x36,0x36,0x36,0x36,0x2A,0x2A,0x2A,0x2A,0x6B,0x00,0x00},/*"M",45*/
  116          
  117            {0x00,0x00,0x00,0xE3,0x46,0x46,0x4A,0x4A,0x52,0x52,0x52,0x62,0x62,0x47,0x00,0x00},/*"N",46*/
  118          
  119            {0x00,0x00,0x00,0x1C,0x22,0x41,0x41,0x41,0x41,0x41,0x41,0x41,0x22,0x1C,0x00,0x00},/*"O",47*/
  120          
C251 COMPILER V5.60.0,  SEEKFREE_FONT                                                      25/09/22  22:19:00  PAGE 3   

  121            {0x00,0x00,0x00,0x3F,0x42,0x42,0x42,0x42,0x3E,0x02,0x02,0x02,0x02,0x07,0x00,0x00},/*"P",48*/
  122          
  123            {0x00,0x00,0x00,0x1C,0x22,0x41,0x41,0x41,0x41,0x41,0x41,0x4D,0x32,0x1C,0x60,0x00},/*"Q",49*/
  124          
  125            {0x00,0x00,0x00,0x3F,0x42,0x42,0x42,0x3E,0x12,0x12,0x22,0x22,0x42,0xC7,0x00,0x00},/*"R",50*/
  126          
  127            {0x00,0x00,0x00,0x7C,0x42,0x42,0x02,0x04,0x18,0x20,0x40,0x42,0x42,0x3E,0x00,0x00},/*"S",51*/
  128          
  129            {0x00,0x00,0x00,0x7F,0x49,0x08,0x08,0x08,0x08,0x08,0x08,0x08,0x08,0x1C,0x00,0x00},/*"T",52*/
  130          
  131            {0x00,0x00,0x00,0xE7,0x42,0x42,0x42,0x42,0x42,0x42,0x42,0x42,0x42,0x3C,0x00,0x00},/*"U",53*/
  132          
  133            {0x00,0x00,0x00,0xE7,0x42,0x42,0x22,0x24,0x24,0x14,0x14,0x18,0x08,0x08,0x00,0x00},/*"V",54*/
  134          
  135            {0x00,0x00,0x00,0x6B,0x2A,0x2A,0x2A,0x2A,0x2A,0x36,0x14,0x14,0x14,0x14,0x00,0x00},/*"W",55*/
  136          
  137            {0x00,0x00,0x00,0xE7,0x42,0x24,0x24,0x18,0x18,0x18,0x24,0x24,0x42,0xE7,0x00,0x00},/*"X",56*/
  138          
  139            {0x00,0x00,0x00,0x77,0x22,0x22,0x14,0x14,0x08,0x08,0x08,0x08,0x08,0x1C,0x00,0x00},/*"Y",57*/
  140          
  141            {0x00,0x00,0x00,0x7E,0x21,0x20,0x10,0x10,0x08,0x04,0x04,0x42,0x42,0x3F,0x00,0x00},/*"Z",58*/
  142          
  143            {0x00,0x78,0x08,0x08,0x08,0x08,0x08,0x08,0x08,0x08,0x08,0x08,0x08,0x08,0x78,0x00},/*"[",59*/
  144          
  145            {0x00,0x00,0x02,0x04,0x04,0x04,0x08,0x08,0x08,0x10,0x10,0x20,0x20,0x20,0x40,0x40},/*"\",60*/
  146          
  147            {0x00,0x1E,0x10,0x10,0x10,0x10,0x10,0x10,0x10,0x10,0x10,0x10,0x10,0x10,0x1E,0x00},/*"]",61*/
  148          
  149            {0x00,0x18,0x24,0x00,0x00,0x00,0x00,0x00,0x00,0x00,0x00,0x00,0x00,0x00,0x00,0x00},/*"^",62*/
  150          
  151            {0x00,0x00,0x00,0x00,0x00,0x00,0x00,0x00,0x7E,0x00,0x00,0x00,0x00,0x00,0x00,0x00},/*"-",63*/
  152          
  153            {0x00,0x06,0x08,0x00,0x00,0x00,0x00,0x00,0x00,0x00,0x00,0x00,0x00,0x00,0x00,0x00},/*"`",64*/
  154          
  155            {0x00,0x00,0x00,0x00,0x00,0x00,0x00,0x1C,0x22,0x30,0x2C,0x22,0x32,0x6C,0x00,0x00},/*"a",65*/
  156          
  157            {0x00,0x00,0x00,0x00,0x03,0x02,0x02,0x1A,0x26,0x42,0x42,0x42,0x26,0x1A,0x00,0x00},/*"b",66*/
  158          
  159            {0x00,0x00,0x00,0x00,0x00,0x00,0x00,0x38,0x44,0x02,0x02,0x02,0x44,0x38,0x00,0x00},/*"c",67*/
  160          
  161            {0x00,0x00,0x00,0x00,0x60,0x40,0x40,0x7C,0x42,0x42,0x42,0x42,0x62,0xDC,0x00,0x00},/*"d",68*/
  162          
  163            {0x00,0x00,0x00,0x00,0x00,0x00,0x00,0x3C,0x42,0x42,0x7E,0x02,0x42,0x3C,0x00,0x00},/*"e",69*/
  164          
  165            {0x00,0x00,0x00,0x00,0x30,0x48,0x08,0x3E,0x08,0x08,0x08,0x08,0x08,0x3E,0x00,0x00},/*"f",70*/
  166          
  167            {0x00,0x00,0x00,0x00,0x00,0x00,0x00,0x7C,0x22,0x22,0x1C,0x02,0x3C,0x42,0x42,0x3C},/*"g",71*/
  168          
  169            {0x00,0x00,0x00,0x00,0x03,0x02,0x02,0x3A,0x46,0x42,0x42,0x42,0x42,0xE7,0x00,0x00},/*"h",72*/
  170          
  171            {0x00,0x00,0x00,0x0C,0x0C,0x00,0x00,0x0E,0x08,0x08,0x08,0x08,0x08,0x3E,0x00,0x00},/*"i",73*/
  172          
  173            {0x00,0x00,0x00,0x30,0x30,0x00,0x00,0x38,0x20,0x20,0x20,0x20,0x20,0x20,0x22,0x1E},/*"j",74*/
  174          
  175            {0x00,0x00,0x00,0x00,0x03,0x02,0x02,0x72,0x12,0x0A,0x0E,0x12,0x22,0x77,0x00,0x00},/*"k",75*/
  176          
  177            {0x00,0x00,0x00,0x08,0x0E,0x08,0x08,0x08,0x08,0x08,0x08,0x08,0x08,0x3E,0x00,0x00},/*"l",76*/
  178          
  179            {0x00,0x00,0x00,0x00,0x00,0x00,0x00,0x7F,0x92,0x92,0x92,0x92,0x92,0xB7,0x00,0x00},/*"m",77*/
  180          
  181            {0x00,0x00,0x00,0x00,0x00,0x00,0x00,0x3B,0x46,0x42,0x42,0x42,0x42,0xE7,0x00,0x00},/*"n",78*/
  182          
  183            {0x00,0x00,0x00,0x00,0x00,0x00,0x00,0x3C,0x42,0x42,0x42,0x42,0x42,0x3C,0x00,0x00},/*"o",79*/
  184          
  185            {0x00,0x00,0x00,0x00,0x00,0x00,0x00,0x1B,0x26,0x42,0x42,0x42,0x26,0x1A,0x02,0x07},/*"p",80*/
  186          
C251 COMPILER V5.60.0,  SEEKFREE_FONT                                                      25/09/22  22:19:00  PAGE 4   

  187            {0x00,0x00,0x00,0x00,0x00,0x00,0x00,0x58,0x64,0x42,0x42,0x42,0x64,0x58,0x40,0xE0},/*"q",81*/
  188          
  189            {0x00,0x00,0x00,0x00,0x00,0x00,0x00,0x77,0x4C,0x04,0x04,0x04,0x04,0x1F,0x00,0x00},/*"r",82*/
  190          
  191            {0x00,0x00,0x00,0x00,0x00,0x00,0x00,0x7C,0x42,0x02,0x3C,0x40,0x42,0x3E,0x00,0x00},/*"s",83*/
  192          
  193            {0x00,0x00,0x00,0x00,0x00,0x08,0x08,0x3E,0x08,0x08,0x08,0x08,0x48,0x30,0x00,0x00},/*"t",84*/
  194          
  195            {0x00,0x00,0x00,0x00,0x00,0x00,0x00,0x63,0x42,0x42,0x42,0x42,0x62,0xDC,0x00,0x00},/*"u",85*/
  196          
  197            {0x00,0x00,0x00,0x00,0x00,0x00,0x00,0x77,0x22,0x22,0x14,0x14,0x08,0x08,0x00,0x00},/*"v",86*/
  198          
  199            {0x00,0x00,0x00,0x00,0x00,0x00,0x00,0xDB,0x91,0x52,0x5A,0x2A,0x24,0x24,0x00,0x00},/*"w",87*/
  200          
  201            {0x00,0x00,0x00,0x00,0x00,0x00,0x00,0x6E,0x24,0x18,0x18,0x18,0x24,0x76,0x00,0x00},/*"x",88*/
  202          
  203            {0x00,0x00,0x00,0x00,0x00,0x00,0x00,0xE7,0x42,0x24,0x24,0x18,0x18,0x08,0x08,0x06},/*"y",89*/
  204          
  205            {0x00,0x00,0x00,0x00,0x00,0x00,0x00,0x7E,0x22,0x10,0x08,0x08,0x44,0x7E,0x00,0x00},/*"z",90*/
  206          
  207            {0x00,0xC0,0x20,0x20,0x20,0x20,0x20,0x20,0x10,0x20,0x20,0x20,0x20,0x20,0xC0,0x00},/*"{",91*/
  208          
  209            {0x10,0x10,0x10,0x10,0x10,0x10,0x10,0x10,0x10,0x10,0x10,0x10,0x10,0x10,0x10,0x10},/*"|",92*/
  210          
  211            {0x00,0x03,0x04,0x04,0x04,0x04,0x04,0x04,0x08,0x04,0x04,0x04,0x04,0x04,0x03,0x00},/*"}",93*/
  212          
  213            {0x04,0x5A,0x20,0x00,0x00,0x00,0x00,0x00,0x00,0x00,0x00,0x00,0x00,0x00,0x00,0x00},/*"~",94*/
  214          };
  215          
  216          
  217          
  218          const uint8 code oled_6x8[][6] =
  219          {
  220            { 0x00, 0x00, 0x00, 0x00, 0x00, 0x00 },   // sp
  221            { 0x00, 0x00, 0x00, 0x2f, 0x00, 0x00 },   // !
  222            { 0x00, 0x00, 0x07, 0x00, 0x07, 0x00 },   // "
  223            { 0x00, 0x14, 0x7f, 0x14, 0x7f, 0x14 },   // #
  224            { 0x00, 0x24, 0x2a, 0x7f, 0x2a, 0x12 },   // $
  225            { 0x00, 0x62, 0x64, 0x08, 0x13, 0x23 },   // %
  226            { 0x00, 0x36, 0x49, 0x55, 0x22, 0x50 },   // &
  227            { 0x00, 0x00, 0x05, 0x03, 0x00, 0x00 },   // '
  228            { 0x00, 0x00, 0x1c, 0x22, 0x41, 0x00 },   // (
  229            { 0x00, 0x00, 0x41, 0x22, 0x1c, 0x00 },   // )
  230            { 0x00, 0x14, 0x08, 0x3E, 0x08, 0x14 },   // *
  231            { 0x00, 0x08, 0x08, 0x3E, 0x08, 0x08 },   // +
  232            { 0x00, 0x00, 0x00, 0xA0, 0x60, 0x00 },   // ,
  233            { 0x00, 0x08, 0x08, 0x08, 0x08, 0x08 },   // -
  234            { 0x00, 0x00, 0x60, 0x60, 0x00, 0x00 },   // .
  235            { 0x00, 0x20, 0x10, 0x08, 0x04, 0x02 },   // /
  236            { 0x00, 0x3E, 0x51, 0x49, 0x45, 0x3E },   // 0
  237            { 0x00, 0x00, 0x42, 0x7F, 0x40, 0x00 },   // 1
  238            { 0x00, 0x42, 0x61, 0x51, 0x49, 0x46 },   // 2
  239            { 0x00, 0x21, 0x41, 0x45, 0x4B, 0x31 },   // 3
  240            { 0x00, 0x18, 0x14, 0x12, 0x7F, 0x10 },   // 4
  241            { 0x00, 0x27, 0x45, 0x45, 0x45, 0x39 },   // 5
  242            { 0x00, 0x3C, 0x4A, 0x49, 0x49, 0x30 },   // 6
  243            { 0x00, 0x01, 0x71, 0x09, 0x05, 0x03 },   // 7
  244            { 0x00, 0x36, 0x49, 0x49, 0x49, 0x36 },   // 8
  245            { 0x00, 0x06, 0x49, 0x49, 0x29, 0x1E },   // 9
  246            { 0x00, 0x00, 0x36, 0x36, 0x00, 0x00 },   // :
  247            { 0x00, 0x00, 0x56, 0x36, 0x00, 0x00 },   // ;
  248            { 0x00, 0x08, 0x14, 0x22, 0x41, 0x00 },   // <
  249            { 0x00, 0x14, 0x14, 0x14, 0x14, 0x14 },   // =
  250            { 0x00, 0x00, 0x41, 0x22, 0x14, 0x08 },   // >
  251            { 0x00, 0x02, 0x01, 0x51, 0x09, 0x06 },   // ?
  252            { 0x00, 0x32, 0x49, 0x59, 0x51, 0x3E },   // @
C251 COMPILER V5.60.0,  SEEKFREE_FONT                                                      25/09/22  22:19:00  PAGE 5   

  253            { 0x00, 0x7C, 0x12, 0x11, 0x12, 0x7C },   // A
  254            { 0x00, 0x7F, 0x49, 0x49, 0x49, 0x36 },   // B
  255            { 0x00, 0x3E, 0x41, 0x41, 0x41, 0x22 },   // C
  256            { 0x00, 0x7F, 0x41, 0x41, 0x22, 0x1C },   // D
  257            { 0x00, 0x7F, 0x49, 0x49, 0x49, 0x41 },   // E
  258            { 0x00, 0x7F, 0x09, 0x09, 0x09, 0x01 },   // F
  259            { 0x00, 0x3E, 0x41, 0x49, 0x49, 0x7A },   // G
  260            { 0x00, 0x7F, 0x08, 0x08, 0x08, 0x7F },   // H
  261            { 0x00, 0x00, 0x41, 0x7F, 0x41, 0x00 },   // I
  262            { 0x00, 0x20, 0x40, 0x41, 0x3F, 0x01 },   // J
  263            { 0x00, 0x7F, 0x08, 0x14, 0x22, 0x41 },   // K
  264            { 0x00, 0x7F, 0x40, 0x40, 0x40, 0x40 },   // L
  265            { 0x00, 0x7F, 0x02, 0x0C, 0x02, 0x7F },   // M
  266            { 0x00, 0x7F, 0x04, 0x08, 0x10, 0x7F },   // N
  267            { 0x00, 0x3E, 0x41, 0x41, 0x41, 0x3E },   // O
  268            { 0x00, 0x7F, 0x09, 0x09, 0x09, 0x06 },   // P
  269            { 0x00, 0x3E, 0x41, 0x51, 0x21, 0x5E },   // Q
  270            { 0x00, 0x7F, 0x09, 0x19, 0x29, 0x46 },   // R
  271            { 0x00, 0x46, 0x49, 0x49, 0x49, 0x31 },   // S
  272            { 0x00, 0x01, 0x01, 0x7F, 0x01, 0x01 },   // T
  273            { 0x00, 0x3F, 0x40, 0x40, 0x40, 0x3F },   // U
  274            { 0x00, 0x1F, 0x20, 0x40, 0x20, 0x1F },   // V
  275            { 0x00, 0x3F, 0x40, 0x38, 0x40, 0x3F },   // W
  276            { 0x00, 0x63, 0x14, 0x08, 0x14, 0x63 },   // X
  277            { 0x00, 0x07, 0x08, 0x70, 0x08, 0x07 },   // Y
  278            { 0x00, 0x61, 0x51, 0x49, 0x45, 0x43 },   // Z
  279            { 0x00, 0x00, 0x7F, 0x41, 0x41, 0x00 },   // [
  280            { 0x00, 0x55, 0x2A, 0x55, 0x2A, 0x55 },   // 55
  281            { 0x00, 0x00, 0x41, 0x41, 0x7F, 0x00 },   // ]
  282            { 0x00, 0x04, 0x02, 0x01, 0x02, 0x04 },   // ^
  283            { 0x00, 0x40, 0x40, 0x40, 0x40, 0x40 },   // _
  284            { 0x00, 0x00, 0x01, 0x02, 0x04, 0x00 },   // '
  285            { 0x00, 0x20, 0x54, 0x54, 0x54, 0x78 },   // a
  286            { 0x00, 0x7F, 0x48, 0x44, 0x44, 0x38 },   // b
  287            { 0x00, 0x38, 0x44, 0x44, 0x44, 0x20 },   // c
  288            { 0x00, 0x38, 0x44, 0x44, 0x48, 0x7F },   // d
  289            { 0x00, 0x38, 0x54, 0x54, 0x54, 0x18 },   // e
  290            { 0x00, 0x08, 0x7E, 0x09, 0x01, 0x02 },   // f
  291            { 0x00, 0x18, 0xA4, 0xA4, 0xA4, 0x7C },   // g
  292            { 0x00, 0x7F, 0x08, 0x04, 0x04, 0x78 },   // h
  293            { 0x00, 0x00, 0x44, 0x7D, 0x40, 0x00 },   // i
  294            { 0x00, 0x40, 0x80, 0x84, 0x7D, 0x00 },   // j
  295            { 0x00, 0x7F, 0x10, 0x28, 0x44, 0x00 },   // k
  296            { 0x00, 0x00, 0x41, 0x7F, 0x40, 0x00 },   // l
  297            { 0x00, 0x7C, 0x04, 0x18, 0x04, 0x78 },   // m
  298            { 0x00, 0x7C, 0x08, 0x04, 0x04, 0x78 },   // n
  299            { 0x00, 0x38, 0x44, 0x44, 0x44, 0x38 },   // o
  300            { 0x00, 0xFC, 0x24, 0x24, 0x24, 0x18 },   // p
  301            { 0x00, 0x18, 0x24, 0x24, 0x18, 0xFC },   // q
  302            { 0x00, 0x7C, 0x08, 0x04, 0x04, 0x08 },   // r
  303            { 0x00, 0x48, 0x54, 0x54, 0x54, 0x20 },   // s
  304            { 0x00, 0x04, 0x3F, 0x44, 0x40, 0x20 },   // t
  305            { 0x00, 0x3C, 0x40, 0x40, 0x20, 0x7C },   // u
  306            { 0x00, 0x1C, 0x20, 0x40, 0x20, 0x1C },   // v
  307            { 0x00, 0x3C, 0x40, 0x30, 0x40, 0x3C },   // w
  308            { 0x00, 0x44, 0x28, 0x10, 0x28, 0x44 },   // x
  309            { 0x00, 0x1C, 0xA0, 0xA0, 0xA0, 0x7C },   // y
  310            { 0x00, 0x44, 0x64, 0x54, 0x4C, 0x44 },   // z
  311            { 0x14, 0x14, 0x14, 0x14, 0x14, 0x14 }    // horiz lines
  312          };
  313          
  314          
  315          
  316          
  317          const uint8 code oled_8x16[]=
  318          {
C251 COMPILER V5.60.0,  SEEKFREE_FONT                                                      25/09/22  22:19:00  PAGE 6   

  319            0x00,0x00,0x00,0x00,0x00,0x00,0x00,0x00,0x00,0x00,0x00,0x00,0x00,0x00,0x00,0x00,//  0
  320            0x00,0x00,0x00,0xF8,0x00,0x00,0x00,0x00,0x00,0x00,0x00,0x33,0x30,0x00,0x00,0x00,//! 1
  321            0x00,0x10,0x0C,0x06,0x10,0x0C,0x06,0x00,0x00,0x00,0x00,0x00,0x00,0x00,0x00,0x00,//" 2
  322            0x40,0xC0,0x78,0x40,0xC0,0x78,0x40,0x00,0x04,0x3F,0x04,0x04,0x3F,0x04,0x04,0x00,//# 3
  323            0x00,0x70,0x88,0xFC,0x08,0x30,0x00,0x00,0x00,0x18,0x20,0xFF,0x21,0x1E,0x00,0x00,//$ 4
  324            0xF0,0x08,0xF0,0x00,0xE0,0x18,0x00,0x00,0x00,0x21,0x1C,0x03,0x1E,0x21,0x1E,0x00,//% 5
  325            0x00,0xF0,0x08,0x88,0x70,0x00,0x00,0x00,0x1E,0x21,0x23,0x24,0x19,0x27,0x21,0x10,//& 6
  326            0x10,0x16,0x0E,0x00,0x00,0x00,0x00,0x00,0x00,0x00,0x00,0x00,0x00,0x00,0x00,0x00,//' 7
  327            0x00,0x00,0x00,0xE0,0x18,0x04,0x02,0x00,0x00,0x00,0x00,0x07,0x18,0x20,0x40,0x00,//( 8
  328            0x00,0x02,0x04,0x18,0xE0,0x00,0x00,0x00,0x00,0x40,0x20,0x18,0x07,0x00,0x00,0x00,//) 9
  329            0x40,0x40,0x80,0xF0,0x80,0x40,0x40,0x00,0x02,0x02,0x01,0x0F,0x01,0x02,0x02,0x00,//* 10
  330            0x00,0x00,0x00,0xF0,0x00,0x00,0x00,0x00,0x01,0x01,0x01,0x1F,0x01,0x01,0x01,0x00,//+ 11
  331            0x00,0x00,0x00,0x00,0x00,0x00,0x00,0x00,0x80,0xB0,0x70,0x00,0x00,0x00,0x00,0x00,//, 12
  332            0x00,0x00,0x00,0x00,0x00,0x00,0x00,0x00,0x00,0x01,0x01,0x01,0x01,0x01,0x01,0x01,//- 13
  333            0x00,0x00,0x00,0x00,0x00,0x00,0x00,0x00,0x00,0x30,0x30,0x00,0x00,0x00,0x00,0x00,//. 14
  334            0x00,0x00,0x00,0x00,0x80,0x60,0x18,0x04,0x00,0x60,0x18,0x06,0x01,0x00,0x00,0x00,/// 15
  335            0x00,0xE0,0x10,0x08,0x08,0x10,0xE0,0x00,0x00,0x0F,0x10,0x20,0x20,0x10,0x0F,0x00,//0 16
  336            0x00,0x10,0x10,0xF8,0x00,0x00,0x00,0x00,0x00,0x20,0x20,0x3F,0x20,0x20,0x00,0x00,//1 17
  337            0x00,0x70,0x08,0x08,0x08,0x88,0x70,0x00,0x00,0x30,0x28,0x24,0x22,0x21,0x30,0x00,//2 18
  338            0x00,0x30,0x08,0x88,0x88,0x48,0x30,0x00,0x00,0x18,0x20,0x20,0x20,0x11,0x0E,0x00,//3 19
  339            0x00,0x00,0xC0,0x20,0x10,0xF8,0x00,0x00,0x00,0x07,0x04,0x24,0x24,0x3F,0x24,0x00,//4 20
  340            0x00,0xF8,0x08,0x88,0x88,0x08,0x08,0x00,0x00,0x19,0x21,0x20,0x20,0x11,0x0E,0x00,//5 21
  341            0x00,0xE0,0x10,0x88,0x88,0x18,0x00,0x00,0x00,0x0F,0x11,0x20,0x20,0x11,0x0E,0x00,//6 22
  342            0x00,0x38,0x08,0x08,0xC8,0x38,0x08,0x00,0x00,0x00,0x00,0x3F,0x00,0x00,0x00,0x00,//7 23
  343            0x00,0x70,0x88,0x08,0x08,0x88,0x70,0x00,0x00,0x1C,0x22,0x21,0x21,0x22,0x1C,0x00,//8 24
  344            0x00,0xE0,0x10,0x08,0x08,0x10,0xE0,0x00,0x00,0x00,0x31,0x22,0x22,0x11,0x0F,0x00,//9 25
  345            0x00,0x00,0x00,0xC0,0xC0,0x00,0x00,0x00,0x00,0x00,0x00,0x30,0x30,0x00,0x00,0x00,//: 26
  346            0x00,0x00,0x00,0x80,0x00,0x00,0x00,0x00,0x00,0x00,0x80,0x60,0x00,0x00,0x00,0x00,//; 27
  347            0x00,0x00,0x80,0x40,0x20,0x10,0x08,0x00,0x00,0x01,0x02,0x04,0x08,0x10,0x20,0x00,//< 28
  348            0x40,0x40,0x40,0x40,0x40,0x40,0x40,0x00,0x04,0x04,0x04,0x04,0x04,0x04,0x04,0x00,//= 29
  349            0x00,0x08,0x10,0x20,0x40,0x80,0x00,0x00,0x00,0x20,0x10,0x08,0x04,0x02,0x01,0x00,//> 30
  350            0x00,0x70,0x48,0x08,0x08,0x08,0xF0,0x00,0x00,0x00,0x00,0x30,0x36,0x01,0x00,0x00,//? 31
  351            0xC0,0x30,0xC8,0x28,0xE8,0x10,0xE0,0x00,0x07,0x18,0x27,0x24,0x23,0x14,0x0B,0x00,//@ 32
  352            0x00,0x00,0xC0,0x38,0xE0,0x00,0x00,0x00,0x20,0x3C,0x23,0x02,0x02,0x27,0x38,0x20,//A 33
  353            0x08,0xF8,0x88,0x88,0x88,0x70,0x00,0x00,0x20,0x3F,0x20,0x20,0x20,0x11,0x0E,0x00,//B 34
  354            0xC0,0x30,0x08,0x08,0x08,0x08,0x38,0x00,0x07,0x18,0x20,0x20,0x20,0x10,0x08,0x00,//C 35
  355            0x08,0xF8,0x08,0x08,0x08,0x10,0xE0,0x00,0x20,0x3F,0x20,0x20,0x20,0x10,0x0F,0x00,//D 36
  356            0x08,0xF8,0x88,0x88,0xE8,0x08,0x10,0x00,0x20,0x3F,0x20,0x20,0x23,0x20,0x18,0x00,//E 37
  357            0x08,0xF8,0x88,0x88,0xE8,0x08,0x10,0x00,0x20,0x3F,0x20,0x00,0x03,0x00,0x00,0x00,//F 38
  358            0xC0,0x30,0x08,0x08,0x08,0x38,0x00,0x00,0x07,0x18,0x20,0x20,0x22,0x1E,0x02,0x00,//G 39
  359            0x08,0xF8,0x08,0x00,0x00,0x08,0xF8,0x08,0x20,0x3F,0x21,0x01,0x01,0x21,0x3F,0x20,//H 40
  360            0x00,0x08,0x08,0xF8,0x08,0x08,0x00,0x00,0x00,0x20,0x20,0x3F,0x20,0x20,0x00,0x00,//I 41
  361            0x00,0x00,0x08,0x08,0xF8,0x08,0x08,0x00,0xC0,0x80,0x80,0x80,0x7F,0x00,0x00,0x00,//J 42
  362            0x08,0xF8,0x88,0xC0,0x28,0x18,0x08,0x00,0x20,0x3F,0x20,0x01,0x26,0x38,0x20,0x00,//K 43
  363            0x08,0xF8,0x08,0x00,0x00,0x00,0x00,0x00,0x20,0x3F,0x20,0x20,0x20,0x20,0x30,0x00,//L 44
  364            0x08,0xF8,0xF8,0x00,0xF8,0xF8,0x08,0x00,0x20,0x3F,0x00,0x3F,0x00,0x3F,0x20,0x00,//M 45
  365            0x08,0xF8,0x30,0xC0,0x00,0x08,0xF8,0x08,0x20,0x3F,0x20,0x00,0x07,0x18,0x3F,0x00,//N 46
  366            0xE0,0x10,0x08,0x08,0x08,0x10,0xE0,0x00,0x0F,0x10,0x20,0x20,0x20,0x10,0x0F,0x00,//O 47
  367            0x08,0xF8,0x08,0x08,0x08,0x08,0xF0,0x00,0x20,0x3F,0x21,0x01,0x01,0x01,0x00,0x00,//P 48
  368            0xE0,0x10,0x08,0x08,0x08,0x10,0xE0,0x00,0x0F,0x18,0x24,0x24,0x38,0x50,0x4F,0x00,//Q 49
  369            0x08,0xF8,0x88,0x88,0x88,0x88,0x70,0x00,0x20,0x3F,0x20,0x00,0x03,0x0C,0x30,0x20,//R 50
  370            0x00,0x70,0x88,0x08,0x08,0x08,0x38,0x00,0x00,0x38,0x20,0x21,0x21,0x22,0x1C,0x00,//S 51
  371            0x18,0x08,0x08,0xF8,0x08,0x08,0x18,0x00,0x00,0x00,0x20,0x3F,0x20,0x00,0x00,0x00,//T 52
  372            0x08,0xF8,0x08,0x00,0x00,0x08,0xF8,0x08,0x00,0x1F,0x20,0x20,0x20,0x20,0x1F,0x00,//U 53
  373            0x08,0x78,0x88,0x00,0x00,0xC8,0x38,0x08,0x00,0x00,0x07,0x38,0x0E,0x01,0x00,0x00,//V 54
  374            0xF8,0x08,0x00,0xF8,0x00,0x08,0xF8,0x00,0x03,0x3C,0x07,0x00,0x07,0x3C,0x03,0x00,//W 55
  375            0x08,0x18,0x68,0x80,0x80,0x68,0x18,0x08,0x20,0x30,0x2C,0x03,0x03,0x2C,0x30,0x20,//X 56
  376            0x08,0x38,0xC8,0x00,0xC8,0x38,0x08,0x00,0x00,0x00,0x20,0x3F,0x20,0x00,0x00,0x00,//Y 57
  377            0x10,0x08,0x08,0x08,0xC8,0x38,0x08,0x00,0x20,0x38,0x26,0x21,0x20,0x20,0x18,0x00,//Z 58
  378            0x00,0x00,0x00,0xFE,0x02,0x02,0x02,0x00,0x00,0x00,0x00,0x7F,0x40,0x40,0x40,0x00,//[ 59
  379            0x00,0x0C,0x30,0xC0,0x00,0x00,0x00,0x00,0x00,0x00,0x00,0x01,0x06,0x38,0xC0,0x00,//\ 60
  380            0x00,0x02,0x02,0x02,0xFE,0x00,0x00,0x00,0x00,0x40,0x40,0x40,0x7F,0x00,0x00,0x00,//] 61
  381            0x00,0x00,0x04,0x02,0x02,0x02,0x04,0x00,0x00,0x00,0x00,0x00,0x00,0x00,0x00,0x00,//^ 62
  382            0x00,0x00,0x00,0x00,0x00,0x00,0x00,0x00,0x80,0x80,0x80,0x80,0x80,0x80,0x80,0x80,//_ 63
  383            0x00,0x02,0x02,0x04,0x00,0x00,0x00,0x00,0x00,0x00,0x00,0x00,0x00,0x00,0x00,0x00,//` 64
  384            0x00,0x00,0x80,0x80,0x80,0x80,0x00,0x00,0x00,0x19,0x24,0x22,0x22,0x22,0x3F,0x20,//a 65
C251 COMPILER V5.60.0,  SEEKFREE_FONT                                                      25/09/22  22:19:00  PAGE 7   

  385            0x08,0xF8,0x00,0x80,0x80,0x00,0x00,0x00,0x00,0x3F,0x11,0x20,0x20,0x11,0x0E,0x00,//b 66
  386            0x00,0x00,0x00,0x80,0x80,0x80,0x00,0x00,0x00,0x0E,0x11,0x20,0x20,0x20,0x11,0x00,//c 67
  387            0x00,0x00,0x00,0x80,0x80,0x88,0xF8,0x00,0x00,0x0E,0x11,0x20,0x20,0x10,0x3F,0x20,//d 68
  388            0x00,0x00,0x80,0x80,0x80,0x80,0x00,0x00,0x00,0x1F,0x22,0x22,0x22,0x22,0x13,0x00,//e 69
  389            0x00,0x80,0x80,0xF0,0x88,0x88,0x88,0x18,0x00,0x20,0x20,0x3F,0x20,0x20,0x00,0x00,//f 70
  390            0x00,0x00,0x80,0x80,0x80,0x80,0x80,0x00,0x00,0x6B,0x94,0x94,0x94,0x93,0x60,0x00,//g 71
  391            0x08,0xF8,0x00,0x80,0x80,0x80,0x00,0x00,0x20,0x3F,0x21,0x00,0x00,0x20,0x3F,0x20,//h 72
  392            0x00,0x80,0x98,0x98,0x00,0x00,0x00,0x00,0x00,0x20,0x20,0x3F,0x20,0x20,0x00,0x00,//i 73
  393            0x00,0x00,0x00,0x80,0x98,0x98,0x00,0x00,0x00,0xC0,0x80,0x80,0x80,0x7F,0x00,0x00,//j 74
  394            0x08,0xF8,0x00,0x00,0x80,0x80,0x80,0x00,0x20,0x3F,0x24,0x02,0x2D,0x30,0x20,0x00,//k 75
  395            0x00,0x08,0x08,0xF8,0x00,0x00,0x00,0x00,0x00,0x20,0x20,0x3F,0x20,0x20,0x00,0x00,//l 76
  396            0x80,0x80,0x80,0x80,0x80,0x80,0x80,0x00,0x20,0x3F,0x20,0x00,0x3F,0x20,0x00,0x3F,//m 77
  397            0x80,0x80,0x00,0x80,0x80,0x80,0x00,0x00,0x20,0x3F,0x21,0x00,0x00,0x20,0x3F,0x20,//n 78
  398            0x00,0x00,0x80,0x80,0x80,0x80,0x00,0x00,0x00,0x1F,0x20,0x20,0x20,0x20,0x1F,0x00,//o 79
  399            0x80,0x80,0x00,0x80,0x80,0x00,0x00,0x00,0x80,0xFF,0xA1,0x20,0x20,0x11,0x0E,0x00,//p 80
  400            0x00,0x00,0x00,0x80,0x80,0x80,0x80,0x00,0x00,0x0E,0x11,0x20,0x20,0xA0,0xFF,0x80,//q 81
  401            0x80,0x80,0x80,0x00,0x80,0x80,0x80,0x00,0x20,0x20,0x3F,0x21,0x20,0x00,0x01,0x00,//r 82
  402            0x00,0x00,0x80,0x80,0x80,0x80,0x80,0x00,0x00,0x33,0x24,0x24,0x24,0x24,0x19,0x00,//s 83
  403            0x00,0x80,0x80,0xE0,0x80,0x80,0x00,0x00,0x00,0x00,0x00,0x1F,0x20,0x20,0x00,0x00,//t 84
  404            0x80,0x80,0x00,0x00,0x00,0x80,0x80,0x00,0x00,0x1F,0x20,0x20,0x20,0x10,0x3F,0x20,//u 85
  405            0x80,0x80,0x80,0x00,0x00,0x80,0x80,0x80,0x00,0x01,0x0E,0x30,0x08,0x06,0x01,0x00,//v 86
  406            0x80,0x80,0x00,0x80,0x00,0x80,0x80,0x80,0x0F,0x30,0x0C,0x03,0x0C,0x30,0x0F,0x00,//w 87
  407            0x00,0x80,0x80,0x00,0x80,0x80,0x80,0x00,0x00,0x20,0x31,0x2E,0x0E,0x31,0x20,0x00,//x 88
  408            0x80,0x80,0x80,0x00,0x00,0x80,0x80,0x80,0x80,0x81,0x8E,0x70,0x18,0x06,0x01,0x00,//y 89
  409            0x00,0x80,0x80,0x80,0x80,0x80,0x80,0x00,0x00,0x21,0x30,0x2C,0x22,0x21,0x30,0x00,//z 90
  410            0x00,0x00,0x00,0x00,0x80,0x7C,0x02,0x02,0x00,0x00,0x00,0x00,0x00,0x3F,0x40,0x40,//{ 91
  411            0x00,0x00,0x00,0x00,0xFF,0x00,0x00,0x00,0x00,0x00,0x00,0x00,0xFF,0x00,0x00,0x00,//| 92
  412            0x00,0x02,0x02,0x7C,0x80,0x00,0x00,0x00,0x00,0x40,0x40,0x3F,0x00,0x00,0x00,0x00,//} 93
  413            0x00,0x06,0x01,0x01,0x02,0x02,0x04,0x04,0x00,0x00,0x00,0x00,0x00,0x00,0x00,0x00,//~ 94
  414            
  415          };


Module Information          Static   Overlayable
------------------------------------------------
  code size            =      3592     ------
  ecode size           =    ------     ------
  data size            =    ------     ------
  idata size           =    ------     ------
  pdata size           =    ------     ------
  xdata size           =    ------     ------
  xdata-const size     =    ------     ------
  edata size           =    ------     ------
  bit size             =    ------     ------
  ebit size            =    ------     ------
  bitaddressable size  =    ------     ------
  ebitaddressable size =    ------     ------
  far data size        =    ------     ------
  huge data size       =    ------     ------
  const size           =    ------     ------
  hconst size          =    ------     ------
End of Module Information.


C251 COMPILATION COMPLETE.  0 WARNING(S),  0 ERROR(S)
