C251 COMPILER V5.60.0,  SEEKFREE_TSL1401                                                   25/09/22  22:19:02  PAGE 1   


C251 COMPILER V5.60.0, COMPILATION OF MODULE SEEKFREE_TSL1401
OBJECT MODULE PLACED IN .\Out_File\SEEKFREE_TSL1401.obj
COMPILER INVOKED BY: D:\Keil_v5\C251\BIN\C251.EXE ..\..\Libraries\seekfree_peripheral\SEEKFREE_TSL1401.c XSMALL INTR2 WA
                    -RNINGLEVEL(3) BROWSE INCDIR(..\..\Libraries\libraries;..\..\Libraries\seekfree_libraries;..\..\Libraries\seekfree_periph
                    -eral;..\CODE;..\USER\inc;..\USER\src) DEBUG PRINT(.\Out_File\SEEKFREE_TSL1401.lst) TABS(2) OBJECT(.\Out_File\SEEKFREE_TS
                    -L1401.obj) 

stmt  level    source

    1          /********************************************************************************************************
             -*************
    2           * COPYRIGHT NOTICE
    3           * Copyright (c) 2016,逐飞科技
    4           * All rights reserved.
    5           * 技术讨论QQ群：179029047
    6           *
    7           * 以下所有内容版权均属逐飞科技所有，未经允许不得用于商业用途，
    8           * 欢迎各位使用并传播本程序，修改内容时必须保留逐飞科技的版权声明。
    9           *
   10           * @file          SEEKFREE_TSL1401.c
   11           * @brief         红孩儿(线阵CCD)函数库
   12           * @company       成都逐飞科技有限公司
   13           * @author        Go For It(1325536866)
   14           * @version       v1.0
   15           * @Software    IAR 7.2 or MDK 5.17
   16           * @Target core   MK60DN512VLL10
   17           * @Taobao      https://seekfree.taobao.com/
   18           * @date          2016-02-25
   19           * @note  
   20                    TSL1401接线定义：
   21                    ------------------------------------ 
   22                        模块管脚        单片机管脚
   23                        CCD_AO        查看SEEKFREE_TSL1401.h文件中的AD_CHANNEL 宏定义
   24                        CCD_CLK       查看SEEKFREE_TSL1401.h文件中的CCD_CLK_PIN宏定义
   25                        CCD_SI        查看SEEKFREE_TSL1401.h文件中的CCD_SI_PIN 宏定义
   26                    ------------------------------------ 
   27           ********************************************************************************************************
             -************/
   28          
   29          
   30          
   31          #include "SEEKFREE_TSL1401.h"
   32          #include "zf_adc.h"
   33          #include "zf_uart.h"
   34          #include "board.h"
   35          
   36          
   37          uint8 tsl1401_finish_flag;
   38          uint16 ccd_data[128];                           //CCD数据
   39          //uint16 ccd_data_ch2[128];                       //CCD数据通道2
   40          
   41          //-------------------------------------------------------------------------------------------------------
             -------------
   42          //  @brief      TSL1401线阵CCD初始化
   43          //  @param      NULL
   44          //  @return     void
   45          //  @since      v1.0
   46          //  Sample usage:     
   47          //-------------------------------------------------------------------------------------------------------
             -------------
   48          void ccd_init(void)     
   49          {       
   50   1          adc_init(AD_CHANNEL,0X01);
   51   1          //adc_init(AD_CHANNEL_CH2,0X01);     
   52   1        pit_timer_ms(TIM_4,10);
C251 COMPILER V5.60.0,  SEEKFREE_TSL1401                                                   25/09/22  22:19:02  PAGE 2   

   53   1      }
   54          
   55          //-------------------------------------------------------------------------------------------------------
             -------------
   56          //  @brief      TSL1401线阵CCD图像发送至上位机查看图像
   57          //  @param      uart_n      串口号
   58          //  @param      uart_n      线性CCD数据指针
   59          //  @return     void      
   60          //  @since      v1.0
   61          //  Sample usage:       调用该函数前请先初始化串口
   62          //-------------------------------------------------------------------------------------------------------
             -------------
   63          void ccd_send_data(UARTN_enum uart_n ,uint16 *dat)
   64          {
   65   1         uint8 i = 0;
   66   1         uart_putchar(uart_n,0x00); 
   67   1         uart_putchar(uart_n,0xff);
   68   1         uart_putchar(uart_n,0x01);
   69   1         uart_putchar(uart_n,0x00);
   70   1         
   71   1        for(i=0; i<128; i++)        
   72   1        {
   73   2          uart_putchar(uart_n, (uint8)(dat[i]>>8));   //发送高8位
   74   2          uart_putchar(uart_n, (uint8)(dat[i]&0XFF)); //发送高低8位    
   75   2        }
   76   1      }
   77          
   78          
   79          //-------------------------------------------------------------------------------------------------------
             -------------
   80          //  @brief      TSL1401线阵CCD数据采集
   81          //  @param      NULL
   82          //  @return     void
   83          //  @since      v1.0
   84          //  Sample usage:       在isr.c里面先创建对应的中断函数，然后调用该函数(之后别忘记
             -清除中断标志位)
   85          //-------------------------------------------------------------------------------------------------------
             -------------
   86          void ccd_collect(void)
   87          {
   88   1          uint8 i = 0;
   89   1      
   90   1          CCD_CLK(1);
   91   1          CCD_SI(0);
   92   1        CCD_CLK(0);
   93   1          CCD_SI(1);
   94   1          CCD_CLK(1);
   95   1          CCD_SI(0);
   96   1        
   97   1          for(i=0;i<128;i++)
   98   1          {
   99   2          CCD_CLK(0);  
  100   2          ccd_data[i] = adc_once(AD_CHANNEL, AD_RESOLUTION); 
  101   2              //ccd_data_ch2[i] = adc_once(AD_CHANNEL_CH2, AD_RESOLUTION);
  102   2          CCD_CLK(1); 
  103   2          }
  104   1        tsl1401_finish_flag = 1;
  105   1      }


Module Information          Static   Overlayable
------------------------------------------------
  code size            =       187     ------
  ecode size           =    ------     ------
  data size            =    ------     ------
  idata size           =    ------     ------
  pdata size           =    ------     ------
C251 COMPILER V5.60.0,  SEEKFREE_TSL1401                                                   25/09/22  22:19:02  PAGE 3   

  xdata size           =    ------     ------
  xdata-const size     =    ------     ------
  edata size           =       257          3
  bit size             =    ------     ------
  ebit size            =    ------     ------
  bitaddressable size  =    ------     ------
  ebitaddressable size =    ------     ------
  far data size        =    ------     ------
  huge data size       =    ------     ------
  const size           =    ------     ------
  hconst size          =    ------     ------
End of Module Information.


C251 COMPILATION COMPLETE.  0 WARNING(S),  0 ERROR(S)
