C251 COMPILER V5.60.0,  SEEKFREE_MPU6050                                                   25/09/22  22:19:01  PAGE 1   


C251 COMPILER V5.60.0, COMPILATION OF MODULE SEEKFREE_MPU6050
OBJECT MODULE PLACED IN .\Out_File\SEEKFREE_MPU6050.obj
COMPILER INVOKED BY: D:\Keil_v5\C251\BIN\C251.EXE ..\..\Libraries\seekfree_peripheral\SEEKFREE_MPU6050.c XSMALL INTR2 WA
                    -RNINGLEVEL(3) BROWSE INCDIR(..\..\Libraries\libraries;..\..\Libraries\seekfree_libraries;..\..\Libraries\seekfree_periph
                    -eral;..\CODE;..\USER\inc;..\USER\src) DEBUG PRINT(.\Out_File\SEEKFREE_MPU6050.lst) TABS(2) OBJECT(.\Out_File\SEEKFREE_MP
                    -U6050.obj) 

stmt  level    source

    1          /********************************************************************************************************
             -*************
    2           * COPYRIGHT NOTICE
    3           * Copyright (c) 2018,逐飞科技
    4           * All rights reserved.
    5           * 技术讨论QQ群：一群：179029047(已满)  二群：244861897
    6           *
    7           * 以下所有内容版权均属逐飞科技所有，未经允许不得用于商业用途，
    8           * 欢迎各位使用并传播本程序，修改内容时必须保留逐飞科技的版权声明。
    9           *
   10           * @file          MPU6050
   11           * @company       成都逐飞科技有限公司
   12           * @author        逐飞科技(QQ3184284598)
   13           * @version       查看doc内version文件 版本说明
   14           * @Software    MDK FOR C251 V5.60
   15           * @Taobao      https://seekfree.taobao.com/
   16           * @date          2019-04-30
   17           * @note    
   18                    接线定义：
   19                    ------------------------------------ 
   20                      软件IIC
   21                                  SCL                 查看SEEKFREE_IIC文件内的SEEKFREE_SCL宏定义
   22                      SDA                 查看SEEKFREE_IIC文件内的SEEKFREE_SDA宏定义
   23                    ------------------------------------ 
   24           ********************************************************************************************************
             -************/
   25          
   26          
   27          #include "SEEKFREE_IIC.h"
   28          #include "SEEKFREE_MPU6050.h"
   29          #include "zf_delay.h"
   30          
   31          
   32          int16 mpu_gyro_x,mpu_gyro_y,mpu_gyro_z;
   33          int16 mpu_acc_x,mpu_acc_y,mpu_acc_z;
   34          
   35          
   36          
   37          
   38          
   39          //-------------------------------------------------------------------------------------------------------
             -------------
   40          //  @brief      MPU6050自检函数
   41          //  @param      NULL
   42          //  @return     void          
   43          //  @since      v1.0
   44          //  Sample usage:       
   45          //-------------------------------------------------------------------------------------------------------
             -------------
   46          void mpu6050_self1_check(void)
   47          {
   48   1          simiic_write_reg(MPU6050_DEV_ADDR, PWR_MGMT_1, 0x00); //解除休眠状态
   49   1          simiic_write_reg(MPU6050_DEV_ADDR, SMPLRT_DIV, 0x07);   //125HZ采样率
   50   1          while(0x07 != simiic_read_reg(MPU6050_DEV_ADDR, SMPLRT_DIV,SIMIIC))
   51   1          {
   52   2          delay_ms(1);
C251 COMPILER V5.60.0,  SEEKFREE_MPU6050                                                   25/09/22  22:19:01  PAGE 2   

   53   2              //卡在这里原因有以下几点
   54   2              //1 MPU6050坏了，如果是新的这样的概率极低
   55   2              //2 接线错误或者没有接好
   56   2              //3 可能你需要外接上拉电阻，上拉到3.3V
   57   2          //4 可能没有调用模拟IIC的初始化函数
   58   2          }
   59   1      }
   60          
   61          
   62          //-------------------------------------------------------------------------------------------------------
             -------------
   63          //  @brief      初始化MPU6050
   64          //  @param      NULL
   65          //  @return     void          
   66          //  @since      v1.0
   67          //  Sample usage:       
   68          //-------------------------------------------------------------------------------------------------------
             -------------
   69          void mpu6050_init(void)
   70          {
   71   1          delay_ms(100);                                   //上电延时
   72   1      
   73   1          mpu6050_self1_check();
   74   1          simiic_write_reg(MPU6050_DEV_ADDR, PWR_MGMT_1, 0x00); //解除休眠状态
   75   1          simiic_write_reg(MPU6050_DEV_ADDR, SMPLRT_DIV, 0x07);   //125HZ采样率
   76   1          simiic_write_reg(MPU6050_DEV_ADDR, MPU6050_CONFIG, 0x04);       //
   77   1          simiic_write_reg(MPU6050_DEV_ADDR, GYRO_CONFIG, 0x18);  //2000
   78   1          simiic_write_reg(MPU6050_DEV_ADDR, ACCEL_CONFIG, 0x10); //8g
   79   1        simiic_write_reg(MPU6050_DEV_ADDR, User_Control, 0x00);
   80   1          simiic_write_reg(MPU6050_DEV_ADDR, INT_PIN_CFG, 0x02);
   81   1      }
   82          
   83          
   84          
   85          //-------------------------------------------------------------------------------------------------------
             -------------
   86          //  @brief      获取MPU6050加速度计数据
   87          //  @param      NULL
   88          //  @return     void
   89          //  @since      v1.0
   90          //  Sample usage:       执行该函数后，直接查看对应的变量即可
   91          //-------------------------------------------------------------------------------------------------------
             -------------
   92          void mpu6050_get_accdata(void)
   93          {
   94   1          uint8 dat[6];
   95   1      
   96   1          simiic_read_regs(MPU6050_DEV_ADDR, ACCEL_XOUT_H, dat, 6, SIMIIC);  
   97   1          mpu_acc_x = (int16)(((uint16)dat[0]<<8 | dat[1]));
   98   1          mpu_acc_y = (int16)(((uint16)dat[2]<<8 | dat[3]));
   99   1          mpu_acc_z = (int16)(((uint16)dat[4]<<8 | dat[5]));
  100   1      }
  101          
  102          
  103          //-------------------------------------------------------------------------------------------------------
             -------------
  104          //  @brief      获取MPU6050陀螺仪数据
  105          //  @param      NULL
  106          //  @return     void
  107          //  @since      v1.0
  108          //  Sample usage:       执行该函数后，直接查看对应的变量即可
  109          //-------------------------------------------------------------------------------------------------------
             -------------
  110          void mpu6050_get_gyro(void)
  111          {
  112   1          uint8 dat[6];
C251 COMPILER V5.60.0,  SEEKFREE_MPU6050                                                   25/09/22  22:19:01  PAGE 3   

  113   1      
  114   1          simiic_read_regs(MPU6050_DEV_ADDR, GYRO_XOUT_H, dat, 6, SIMIIC);  
  115   1          mpu_gyro_x = (int16)(((uint16)dat[0]<<8 | dat[1]));
  116   1          mpu_gyro_y = (int16)(((uint16)dat[2]<<8 | dat[3]));
  117   1          mpu_gyro_z = (int16)(((uint16)dat[4]<<8 | dat[5]));
  118   1      }
  119          
  120          
  121          
  122          
  123          
  124          
  125          
  126          
  127          


Module Information          Static   Overlayable
------------------------------------------------
  code size            =       265     ------
  ecode size           =    ------     ------
  data size            =    ------     ------
  idata size           =    ------     ------
  pdata size           =    ------     ------
  xdata size           =    ------     ------
  xdata-const size     =    ------     ------
  edata size           =        12         12
  bit size             =    ------     ------
  ebit size            =    ------     ------
  bitaddressable size  =    ------     ------
  ebitaddressable size =    ------     ------
  far data size        =    ------     ------
  huge data size       =    ------     ------
  const size           =    ------     ------
  hconst size          =    ------     ------
End of Module Information.


C251 COMPILATION COMPLETE.  0 WARNING(S),  0 ERROR(S)
