C251 COMPILER V5.60.0,  SEEKFREE_AT24C02                                                   25/09/22  22:19:03  PAGE 1   


C251 COMPILER V5.60.0, COMPILATION OF MODULE SEEKFREE_AT24C02
OBJECT MODULE PLACED IN .\Out_File\SEEKFREE_AT24C02.obj
COMPILER INVOKED BY: D:\Keil_v5\C251\BIN\C251.EXE ..\..\Libraries\seekfree_peripheral\SEEKFREE_AT24C02.c XSMALL INTR2 WA
                    -RNINGLEVEL(3) BROWSE INCDIR(..\..\Libraries\libraries;..\..\Libraries\seekfree_libraries;..\..\Libraries\seekfree_periph
                    -eral;..\CODE;..\USER\inc;..\USER\src) DEBUG PRINT(.\Out_File\SEEKFREE_AT24C02.lst) TABS(2) OBJECT(.\Out_File\SEEKFREE_AT
                    -24C02.obj) 

stmt  level    source

    1          /********************************************************************************************************
             -*************
    2           * COPYRIGHT NOTICE
    3           * Copyright (c) 2018,逐飞科技
    4           * All rights reserved.
    5           * 技术讨论QQ群：一群：179029047(已满)  二群：244861897
    6           *
    7           * 以下所有内容版权均属逐飞科技所有，未经允许不得用于商业用途，
    8           * 欢迎各位使用并传播本程序，修改内容时必须保留逐飞科技的版权声明。
    9           *
   10           * @file          虚拟示波器协议
   11           * @company       成都逐飞科技有限公司
   12           * @author        逐飞科技(QQ3184284598)
   13           * @version       查看doc内version文件 版本说明
   14           * @Software    MDK FOR C251 V5.60
   15           * @Taobao      https://seekfree.taobao.com/
   16           * @date          2019-04-30
   17           * @note        
   18           ********************************************************************************************************
             -************/
   19          #include "zf_delay.h"
   20          #include "SEEKFREE_IIC.h"
   21          #include "SEEKFREE_AT24C02.h"
   22          
   23          
   24          #pragma warning disable = 173
   25          
   26          //-------------------------------------------------------------------------------------------------------
             -------------
   27          //  @brief      at24c02写一个字节
   28          //  @param      byte_reg  at24c02地址(0-255)
   29          //  @param      dat     需要写入的数据
   30          //  @return     void          
   31          //  @since      v1.0
   32          //  Sample usage: 
   33          //  @note       
   34          //-------------------------------------------------------------------------------------------------------
             -------------
   35          void at24c02_write_byte(uint8 byte_reg, uint8 dat)
   36          {
   37   1        delay_ms(6);
   38   1        simiic_write_reg(AT24C02_DEV_ADDR, byte_reg, dat);
   39   1      }
   40          
   41          //-------------------------------------------------------------------------------------------------------
             -------------
   42          //  @brief      at24c02读一个字节
   43          //  @param      byte_reg  at24c02地址(0-255)
   44          //  @return     uint8   返回读取到的字节数          
   45          //  @since      v1.0
   46          //  Sample usage: 
   47          //  @note       
   48          //-------------------------------------------------------------------------------------------------------
             -------------
   49          uint8 at24c02_read_byte(uint8 byte_reg)
   50          {
C251 COMPILER V5.60.0,  SEEKFREE_AT24C02                                                   25/09/22  22:19:03  PAGE 2   

   51   1        delay_ms(6);
   52   1        return simiic_read_reg(AT24C02_DEV_ADDR, byte_reg, SIMIIC);
   53   1      }
   54          
   55          //-------------------------------------------------------------------------------------------------------
             -------------
   56          //  @brief      at24c02写多个字节
   57          //  @param      byte_reg  at24c02起始地址(0-255)
   58          //  @param      dat_add   需要写入的数据指针
   59          //  @param      num     需要写入多少个数据
   60          //  @return     void          
   61          //  @since      v1.0
   62          //  Sample usage: 
   63          //  @note       
   64          //-------------------------------------------------------------------------------------------------------
             -------------
   65          void at24c02_write_bytes(uint8 byte_reg, uint8 *dat_add, uint8 num)
   66          {
   67   1        delay_ms(6);
   68   1        simiic_start();
   69   1          send_ch( (AT24C02_DEV_ADDR<<1) | 0x00);
   70   1        send_ch( byte_reg );          
   71   1      
   72   1          while(--num)
   73   1          {
   74   2          send_ch( *dat_add++ );          
   75   2          byte_reg++;
   76   2          if((byte_reg % 8) == 0)
   77   2          {
   78   3            simiic_stop();
   79   3            delay_ms(6);
   80   3            simiic_start();
   81   3            send_ch( (AT24C02_DEV_ADDR<<1) | 0x00);
   82   3            send_ch( byte_reg );          
   83   3          }
   84   2          }
   85   1        send_ch( *dat_add++ );   
   86   1        simiic_stop();
   87   1      }
   88          
   89          //-------------------------------------------------------------------------------------------------------
             -------------
   90          //  @brief      at24c02读多个字节
   91          //  @param      byte_reg  at24c02起始地址(0-255)
   92          //  @param      dat_add   需要读出的数据指针
   93          //  @param      num     需要读出多少个数据
   94          //  @return     void          
   95          //  @since      v1.0
   96          //  Sample usage: 
   97          //  @note       
   98          //-------------------------------------------------------------------------------------------------------
             -------------
   99          void at24c02_read_bytes(uint8 byte_reg, uint8 *dat_add, uint8 num)
  100          {
  101   1        delay_ms(5);
  102   1        simiic_start();
  103   1          send_ch( (AT24C02_DEV_ADDR<<1) | 0x00);  //发送器件地址加写位
  104   1        send_ch( byte_reg );             //发送从机寄存器地址
  105   1        delay_ms(5);
  106   1        simiic_start();
  107   1        send_ch( (AT24C02_DEV_ADDR<<1) | 0x01);  //发送器件地址加读位
  108   1          while(--num)
  109   1          {
  110   2              *dat_add++ = read_ch(1); //读取数据
  111   2          byte_reg++;
  112   2          }
C251 COMPILER V5.60.0,  SEEKFREE_AT24C02                                                   25/09/22  22:19:03  PAGE 3   

  113   1        *dat_add++ = read_ch(0); //读取数据
  114   1        simiic_stop();
  115   1      }


Module Information          Static   Overlayable
------------------------------------------------
  code size            =       233     ------
  ecode size           =    ------     ------
  data size            =    ------     ------
  idata size           =    ------     ------
  pdata size           =    ------     ------
  xdata size           =    ------     ------
  xdata-const size     =    ------     ------
  edata size           =    ------          4
  bit size             =    ------     ------
  ebit size            =    ------     ------
  bitaddressable size  =    ------     ------
  ebitaddressable size =    ------     ------
  far data size        =    ------     ------
  huge data size       =    ------     ------
  const size           =    ------     ------
  hconst size          =    ------     ------
End of Module Information.


C251 COMPILATION COMPLETE.  0 WARNING(S),  0 ERROR(S)
