C251 COMPILER V5.60.0,  SEEKFREE_ICM20602                                                  25/09/22  22:19:01  PAGE 1   


C251 COMPILER V5.60.0, COMPILATION OF MODULE SEEKFREE_ICM20602
OBJECT MODULE PLACED IN .\Out_File\SEEKFREE_ICM20602.obj
COMPILER INVOKED BY: D:\Keil_v5\C251\BIN\C251.EXE ..\..\Libraries\seekfree_peripheral\SEEKFREE_ICM20602.c XSMALL INTR2 W
                    -ARNINGLEVEL(3) BROWSE INCDIR(..\..\Libraries\libraries;..\..\Libraries\seekfree_libraries;..\..\Libraries\seekfree_perip
                    -heral;..\CODE;..\USER\inc;..\USER\src) DEBUG PRINT(.\Out_File\SEEKFREE_ICM20602.lst) TABS(2) OBJECT(.\Out_File\SEEKFREE_
                    -ICM20602.obj) 

stmt  level    source

    1          /********************************************************************************************************
             -*************
    2           * COPYRIGHT NOTICE
    3           * Copyright (c) 2018,é€é£ç§‘æŠ€
    4           * All rights reserved.
    5           * æŠ€æœ¯è®¨è®ºQQç¾¤ï¼šä¸€ç¾¤ï¼š179029047(å·²æ»¡)  äºŒç¾¤ï¼š244861897
    6           *
    7           * ä»¥ä¸‹æ‰€æœ‰å†…å®¹ç‰ˆæƒå‡å±é€é£ç§‘æŠ€æ‰€æœ‰ï¼Œæœªç»å…è®¸ä¸å¾—ç”¨äºå•†ä¸šç”¨é€”ï¼Œ
    8           * æ¬¢è¿å„ä½ä½¿ç”¨å¹¶ä¼ æ’­æœ¬ç¨‹åºï¼Œä¿®æ”¹å†…å®¹æ—¶å¿…é¡»ä¿ç•™é€é£ç§‘æŠ€çš„ç‰ˆæƒå£°æ˜ã€‚
    9           *
   10           * @file          ICM20602
   11           * @company       æˆéƒ½é€é£ç§‘æŠ€æœ‰é™å…¬å¸
   12           * @author        é€é£ç§‘æŠ€(QQ3184284598)
   13           * @version       æŸ¥çœ‹docå†…versionæ–‡ä»¶ ç‰ˆæœ¬è¯´æ˜
   14           * @Software    MDK FOR C251 V5.60
   15           * @Taobao      https://seekfree.taobao.com/
   16           * @date          2019-04-30
   17           * @note    
   18                    æ¥çº¿å®šä¹‰ï¼š
   19                    ------------------------------------ 
   20          
   21                    ------------------------------------ 
   22           ********************************************************************************************************
             -************/
   23          
   24          
   25          #include "SEEKFREE_ICM20602.h"
   26          #include "SEEKFREE_IIC.h"
   27          #include "zf_delay.h"
   28          #include "zf_spi.h"
   29          
   30          int16 icm_gyro_x,icm_gyro_y,icm_gyro_z;
   31          int16 icm_acc_x,icm_acc_y,icm_acc_z;
   32          
   33          
   34          
   35          //-------------------------------------------------------------------------------------------------------
             -------------
   36          //  ä»¥ä¸‹å‡½æ•°æ˜¯ä½¿ç”¨è½¯ä»¶IICé€šä¿¡ï¼Œç›¸æ¯”è¾ƒç¡¬ä»¶IICï¼Œè½¯ä»¶IICå¼•è„šæ›´åŠ çµæ´»ï¼Œå¯ä»¥ä½¿ç”
             -¨ä»»æ„æ™®é€šIO
   37          //-------------------------------------------------------------------------------------------------------
             -------------
   38          //-------------------------------------------------------------------------------------------------------
             -------------
   39          //  @brief      ICM20602è‡ªæ£€å‡½æ•°
   40          //  @param      NULL
   41          //  @return     void
   42          //  @since      v1.0
   43          //  Sample usage:       è°ƒç”¨è¯¥å‡½æ•°å‰ï¼Œè¯·å…ˆè°ƒç”¨æ¨¡æ‹ŸIICçš„åˆå§‹åŒ–
   44          //-------------------------------------------------------------------------------------------------------
             -------------
   45          void icm20602_self1_check(void)
   46          {
   47   1          uint8 dat;
   48   1        dat = simiic_read_reg(ICM20602_DEV_ADDR,ICM20602_WHO_AM_I,SIMIIC);
   49   1          while(0x12 != dat)   //è¯»å–ICM20602 ID
C251 COMPILER V5.60.0,  SEEKFREE_ICM20602                                                  25/09/22  22:19:01  PAGE 2   

   50   1          {
   51   2              dat = simiic_read_reg(ICM20602_DEV_ADDR,ICM20602_WHO_AM_I,SIMIIC);
   52   2              delay_ms(10);
   53   2              //å¡åœ¨è¿™é‡ŒåŸå› æœ‰ä»¥ä¸‹å‡ ç‚¹
   54   2              //1 ICM20602åäº†ï¼Œå¦‚æœæ˜¯æ–°çš„è¿™æ ·çš„æ¦‚ç‡æä½
   55   2              //2 æ¥çº¿é”™è¯¯æˆ–è€…æ²¡æœ‰æ¥å¥½
   56   2              //3 å¯èƒ½ä½ éœ€è¦å¤–æ¥ä¸Šæ‹‰ç”µé˜»ï¼Œä¸Šæ‹‰åˆ°3.3V
   57   2          }
   58   1      }
   59          
   60          
   61          
   62          //-------------------------------------------------------------------------------------------------------
             -------------
   63          //  @brief      è½¯ä»¶IICï¼Œåˆå§‹åŒ–ICM20602
   64          //  @param      NULL
   65          //  @return     void
   66          //  @since      v1.0
   67          //  Sample usage:       è°ƒç”¨è¯¥å‡½æ•°å‰ï¼Œè¯·å…ˆè°ƒç”¨æ¨¡æ‹ŸIICçš„åˆå§‹åŒ–
   68          //-------------------------------------------------------------------------------------------------------
             -------------
   69          void icm20602_init_simiic(void)
   70          {
   71   1          delay_ms(10);  //ä¸Šç”µå»¶æ—¶
   72   1      
   73   1          //æ£€æµ‹
   74   1          icm20602_self1_check();
   75   1      
   76   1          //å¤ä½
   77   1          simiic_write_reg(ICM20602_DEV_ADDR,ICM20602_PWR_MGMT_1,0x80);               //å¤ä½è®¾å¤‡
   78   1          delay_ms(2);                                                        //å»¶æ—¶
   79   1          while(0x80 & simiic_read_reg(ICM20602_DEV_ADDR,ICM20602_PWR_MGMT_1,SIMIIC));//ç­‰å¾…å¤ä½å®Œæˆ
   80   1      
   81   1          //é…ç½®å‚æ•°
   82   1          simiic_write_reg(ICM20602_DEV_ADDR,ICM20602_PWR_MGMT_1,0x01);               //æ—¶é’Ÿè®¾ç½®
   83   1          simiic_write_reg(ICM20602_DEV_ADDR,ICM20602_PWR_MGMT_2,0x00);               //å¼€å¯é™€èºä»ªå’ŒåŠ é€
             -Ÿåº¦è®¡
   84   1          simiic_write_reg(ICM20602_DEV_ADDR,ICM20602_CONFIG,0x01);                   //176HZ 1KHZ
   85   1          simiic_write_reg(ICM20602_DEV_ADDR,ICM20602_SMPLRT_DIV,0x07);               //é‡‡æ ·é€Ÿç‡ SAMPLE_RAT
             -E = INTERNAL_SAMPLE_RATE / (1 + SMPLRT_DIV)
   86   1          simiic_write_reg(ICM20602_DEV_ADDR,ICM20602_GYRO_CONFIG,0x18);              //Â±2000 dps
   87   1          simiic_write_reg(ICM20602_DEV_ADDR,ICM20602_ACCEL_CONFIG,0x10);             //Â±8g
   88   1          simiic_write_reg(ICM20602_DEV_ADDR,ICM20602_ACCEL_CONFIG_2,0x03);           //Average 4 samples   44.
             -8HZ   //0x23 Average 16 samples
   89   1      }
   90          
   91          
   92          //-------------------------------------------------------------------------------------------------------
             -------------
   93          //  @brief      è·å–ICM20602åŠ é€Ÿåº¦è®¡æ•°æ®
   94          //  @param      NULL
   95          //  @return     void
   96          //  @since      v1.0
   97          //  Sample usage:       æ‰§è¡Œè¯¥å‡½æ•°åï¼Œç›´æ¥æŸ¥çœ‹å¯¹åº”çš„å˜é‡å³å¯
   98          //-------------------------------------------------------------------------------------------------------
             -------------
   99          void get_icm20602_accdata_simiic(void)
  100          {
  101   1          uint8 dat[6];
  102   1      
  103   1          simiic_read_regs(ICM20602_DEV_ADDR, ICM20602_ACCEL_XOUT_H, dat, 6, SIMIIC);
  104   1          icm_acc_x = (int16)(((uint16)dat[0]<<8 | dat[1]));
  105   1          icm_acc_y = (int16)(((uint16)dat[2]<<8 | dat[3]));
  106   1          icm_acc_z = (int16)(((uint16)dat[4]<<8 | dat[5]));
  107   1      }
  108          
C251 COMPILER V5.60.0,  SEEKFREE_ICM20602                                                  25/09/22  22:19:01  PAGE 3   

  109          //-------------------------------------------------------------------------------------------------------
             -------------
  110          //  @brief      è·å–ICM20602é™€èºä»ªæ•°æ®
  111          //  @param      NULL
  112          //  @return     void
  113          //  @since      v1.0
  114          //  Sample usage:       æ‰§è¡Œè¯¥å‡½æ•°åï¼Œç›´æ¥æŸ¥çœ‹å¯¹åº”çš„å˜é‡å³å¯
  115          //-------------------------------------------------------------------------------------------------------
             -------------
  116          void get_icm20602_gyro_simiic(void)
  117          {
  118   1          uint8 dat[6];
  119   1      
  120   1          simiic_read_regs(ICM20602_DEV_ADDR, ICM20602_GYRO_XOUT_H, dat, 6, SIMIIC);
  121   1          icm_gyro_x = (int16)(((uint16)dat[0]<<8 | dat[1]));
  122   1          icm_gyro_y = (int16)(((uint16)dat[2]<<8 | dat[3]));
  123   1          icm_gyro_z = (int16)(((uint16)dat[4]<<8 | dat[5]));
  124   1      }
  125          
  126          
  127          
  128          
  129          //-------------------------------------------------------------------------------------------------------
             -------------
  130          //  ä»¥ä¸‹å‡½æ•°æ˜¯ä½¿ç”¨è½¯ä»¶SPIé€šä¿¡ï¼Œç›¸æ¯”è¾ƒç¡¬ä»¶SPIï¼Œè½¯ä»¶SPIå¼•è„šæ›´åŠ çµæ´»ï¼Œå¯ä»¥ä½¿ç”
             -¨ä»»æ„æ™®é€šIO
  131          //-------------------------------------------------------------------------------------------------------
             -------------
  132          
  133          
  134          
  135          //-------------------------------------------------------------------------------------------------------
             -------------
  136          //  @brief      é€šè¿‡SPIå†™ä¸€ä¸ªbyte,åŒæ—¶è¯»å–ä¸€ä¸ªbyte
  137          //  @param      byte        å‘é€çš„æ•°æ®    
  138          //  @return     uint8       return è¿”å›statusçŠ¶æ€
  139          //  @since      v1.0
  140          //  Sample usage:
  141          //-------------------------------------------------------------------------------------------------------
             -------------
  142          uint8 icm_simspi_wr_byte(uint8 byte)
  143          {
  144   1          uint8 i;
  145   1        
  146   1          for(i=0; i<8; i++)
  147   1          {
  148   2              ICM20602_MOSI(byte&0x80);
  149   2              byte <<= 1;
  150   2          ICM20602_SCK (0);
  151   2          
  152   2              ICM20602_SCK (1);
  153   2          byte |= ICM20602_MISO; 
  154   2          } 
  155   1          return(byte);                                         
  156   1      }
  157          
  158          //-------------------------------------------------------------------------------------------------------
             -------------
  159          //  @brief      å°†valå†™å…¥cmdå¯¹åº”çš„å¯„å­˜å™¨åœ°å€,åŒæ—¶è¿”å›statuså­—èŠ‚
  160          //  @param      cmd         å‘½ä»¤å­—
  161          //  @param      val         å¾…å†™å…¥å¯„å­˜å™¨çš„æ•°å€¼
  162          //  @since      v1.0
  163          //  Sample usage:
  164          //-------------------------------------------------------------------------------------------------------
             -------------
  165          void icm_simspi_w_reg_byte(uint8 cmd, uint8 val)
C251 COMPILER V5.60.0,  SEEKFREE_ICM20602                                                  25/09/22  22:19:01  PAGE 4   

  166          {
  167   1          ICM20602_CSN (0);
  168   1          cmd |= ICM20602_SPI_W;
  169   1          icm_simspi_wr_byte(cmd);                        
  170   1          icm_simspi_wr_byte(val);                                
  171   1          ICM20602_CSN (1);                                     
  172   1      }
  173          
  174          //-------------------------------------------------------------------------------------------------------
             -------------
  175          //  @brief      è¯»å–cmdæ‰€å¯¹åº”çš„å¯„å­˜å™¨åœ°å€
  176          //  @param      cmd         å‘½ä»¤å­—
  177          //  @param      *val        å­˜å‚¨è¯»å–çš„æ•°æ®åœ°å€
  178          //  @since      v1.0
  179          //  Sample usage:
  180          //-------------------------------------------------------------------------------------------------------
             -------------
  181          void icm_simspi_r_reg_byte(uint8 cmd, uint8 *val)
  182          {
  183   1          ICM20602_CSN (0);
  184   1          cmd |= ICM20602_SPI_R;
  185   1          icm_simspi_wr_byte(cmd);                                
  186   1          *val = icm_simspi_wr_byte(0);                             
  187   1          ICM20602_CSN (1);                                     
  188   1      }
  189          
  190          //-------------------------------------------------------------------------------------------------------
             -------------
  191          //  @brief      è¯»å–cmdæ‰€å¯¹åº”çš„å¯„å­˜å™¨åœ°å€
  192          //  @param      cmd         å‘½ä»¤å­—
  193          //  @param      *val        å­˜å‚¨è¯»å–çš„æ•°æ®åœ°å€
  194          //  @param      num         è¯»å–çš„æ•°é‡
  195          //  @since      v1.0
  196          //  Sample usage:
  197          //-------------------------------------------------------------------------------------------------------
             -------------
  198          void icm_simspi_r_reg_bytes(uint8 cmd, uint8 *val, uint8 num)
  199          {
  200   1          uint16 i;
  201   1          ICM20602_CSN (0);
  202   1          cmd |= ICM20602_SPI_R;
  203   1          icm_simspi_wr_byte(cmd);
  204   1        
  205   1        for(i=0; i<num; i++)  
  206   1          val[i] = icm_simspi_wr_byte(0);    
  207   1      
  208   1        
  209   1          ICM20602_CSN (1);                                       
  210   1      }
  211          
  212          
  213          //-------------------------------------------------------------------------------------------------------
             -------------
  214          //  @brief      ICM20602è‡ªæ£€å‡½æ•°
  215          //  @param      NULL
  216          //  @return     void          
  217          //  @since      v1.0
  218          //  Sample usage:       
  219          //-------------------------------------------------------------------------------------------------------
             -------------
  220          void icm20602_self4_check(void)
  221          {
  222   1          uint8 val;
  223   1          do
  224   1          {
  225   2              icm_simspi_r_reg_byte(ICM20602_WHO_AM_I,&val);
C251 COMPILER V5.60.0,  SEEKFREE_ICM20602                                                  25/09/22  22:19:01  PAGE 5   

  226   2          
  227   2              //å¡åœ¨è¿™é‡ŒåŸå› æœ‰ä»¥ä¸‹å‡ ç‚¹
  228   2              //1 ICM20602åäº†ï¼Œå¦‚æœæ˜¯æ–°çš„è¿™æ ·çš„æ¦‚ç‡æä½
  229   2              //2 æ¥çº¿é”™è¯¯æˆ–è€…æ²¡æœ‰æ¥å¥½
  230   2              //3 å¯èƒ½ä½ éœ€è¦å¤–æ¥ä¸Šæ‹‰ç”µé˜»ï¼Œä¸Šæ‹‰åˆ°3.3V
  231   2          }while(0x12 != val);
  232   1      }
  233          
  234          
  235          //-------------------------------------------------------------------------------------------------------
             -------------
  236          //  @brief      è½¯ä»¶SPIï¼Œåˆå§‹åŒ–ICM20602
  237          //  @param      NULL
  238          //  @return     void          
  239          //  @since      v1.0
  240          //  Sample usage:       
  241          //-------------------------------------------------------------------------------------------------------
             -------------
  242          void icm20602_init_simspi(void)
  243          {
  244   1          uint8 val;
  245   1      
  246   1          icm20602_self4_check();//æ£€æµ‹
  247   1          
  248   1          icm_simspi_w_reg_byte(ICM20602_PWR_MGMT_1,0x80);//å¤ä½è®¾å¤‡
  249   1          delay_ms(2);
  250   1          do
  251   1          {//ç­‰å¾…å¤ä½æˆåŠŸ
  252   2              icm_simspi_r_reg_byte(ICM20602_PWR_MGMT_1,&val);
  253   2          }while(0x41 != val);
  254   1          
  255   1          icm_simspi_w_reg_byte(ICM20602_PWR_MGMT_1,     0x01);            //æ—¶é’Ÿè®¾ç½®
  256   1          icm_simspi_w_reg_byte(ICM20602_PWR_MGMT_2,     0x00);            //å¼€å¯é™€èºä»ªå’ŒåŠ é€Ÿåº¦è®¡
  257   1          icm_simspi_w_reg_byte(ICM20602_CONFIG,         0x01);            //176HZ 1KHZ
  258   1          icm_simspi_w_reg_byte(ICM20602_SMPLRT_DIV,     0x07);            //é‡‡æ ·é€Ÿç‡ SAMPLE_RATE = INTERNA
             -L_SAMPLE_RATE / (1 + SMPLRT_DIV)
  259   1          icm_simspi_w_reg_byte(ICM20602_GYRO_CONFIG,    0x18);            //Â±2000 dps
  260   1          icm_simspi_w_reg_byte(ICM20602_ACCEL_CONFIG,   0x10);            //Â±8g
  261   1          icm_simspi_w_reg_byte(ICM20602_ACCEL_CONFIG_2, 0x03);            //Average 8 samples   44.8HZ
  262   1          
  263   1      }
  264          
  265          
  266          //-------------------------------------------------------------------------------------------------------
             -------------
  267          //  @brief      è·å–ICM20602åŠ é€Ÿåº¦è®¡æ•°æ®
  268          //  @param      NULL
  269          //  @return     void
  270          //  @since      v1.0
  271          //  Sample usage:       æ‰§è¡Œè¯¥å‡½æ•°åï¼Œç›´æ¥æŸ¥çœ‹å¯¹åº”çš„å˜é‡å³å¯
  272          //-------------------------------------------------------------------------------------------------------
             -------------
  273          void get_icm20602_accdata_simspi(void)
  274          {
  275   1          uint8 dat[6];
  276   1      
  277   1          
  278   1          icm_simspi_r_reg_bytes(ICM20602_ACCEL_XOUT_H, dat, 6);
  279   1          icm_acc_x = (int16)(((uint16)dat[0]<<8 | dat[1]));
  280   1          icm_acc_y = (int16)(((uint16)dat[2]<<8 | dat[3]));
  281   1          icm_acc_z = (int16)(((uint16)dat[4]<<8 | dat[5]));
  282   1      }
  283          
  284          //-------------------------------------------------------------------------------------------------------
             -------------
  285          //  @brief      è·å–ICM20602é™€èºä»ªæ•°æ®
C251 COMPILER V5.60.0,  SEEKFREE_ICM20602                                                  25/09/22  22:19:01  PAGE 6   

  286          //  @param      NULL
  287          //  @return     void
  288          //  @since      v1.0
  289          //  Sample usage:       æ‰§è¡Œè¯¥å‡½æ•°åï¼Œç›´æ¥æŸ¥çœ‹å¯¹åº”çš„å˜é‡å³å¯
  290          //-------------------------------------------------------------------------------------------------------
             -------------
  291          void get_icm20602_gyro_simspi(void)
  292          {
  293   1          uint8 dat[6];
  294   1          
  295   1          icm_simspi_r_reg_bytes(ICM20602_GYRO_XOUT_H, dat, 6);
  296   1      
  297   1          icm_gyro_x = (int16)(((uint16)dat[0]<<8 | dat[1]));
  298   1          icm_gyro_y = (int16)(((uint16)dat[2]<<8 | dat[3]));
  299   1          icm_gyro_z = (int16)(((uint16)dat[4]<<8 | dat[5]));
  300   1      }


Module Information          Static   Overlayable
------------------------------------------------
  code size            =       666     ------
  ecode size           =    ------     ------
  data size            =    ------     ------
  idata size           =    ------     ------
  pdata size           =    ------     ------
  xdata size           =    ------     ------
  xdata-const size     =    ------     ------
  edata size           =        12         29
  bit size             =    ------     ------
  ebit size            =    ------     ------
  bitaddressable size  =    ------     ------
  ebitaddressable size =    ------     ------
  far data size        =    ------     ------
  huge data size       =    ------     ------
  const size           =    ------     ------
  hconst size          =    ------     ------
End of Module Information.


C251 COMPILATION COMPLETE.  0 WARNING(S),  0 ERROR(S)
