C251 COMPILER V5.60.0,  zf_delay                                                           25/09/22  22:18:57  PAGE 1   


C251 COMPILER V5.60.0, COMPILATION OF MODULE zf_delay
OBJECT MODULE PLACED IN .\Out_File\zf_delay.obj
COMPILER INVOKED BY: D:\Keil_v5\C251\BIN\C251.EXE ..\..\Libraries\seekfree_libraries\zf_delay.c XSMALL INTR2 WARNINGLEVE
                    -L(3) BROWSE INCDIR(..\..\Libraries\libraries;..\..\Libraries\seekfree_libraries;..\..\Libraries\seekfree_peripheral;..\C
                    -ODE;..\USER\inc;..\USER\src) DEBUG PRINT(.\Out_File\zf_delay.lst) TABS(2) OBJECT(.\Out_File\zf_delay.obj) 

stmt  level    source

    1          /********************************************************************************************************
             -*************
    2           * COPYRIGHT NOTICE
    3           * Copyright (c) 2020,逐飞科技
    4           * All rights reserved.
    5           * 技术讨论QQ群：一群：179029047(已满)  二群：244861897(已满)  三群：824575535
    6           *
    7           * 以下所有内容版权均属逐飞科技所有，未经允许不得用于商业用途，
    8           * 欢迎各位使用并传播本程序，修改内容时必须保留逐飞科技的版权声明。
    9           *
   10           * @file          delay
   11           * @company       成都逐飞科技有限公司
   12           * @author        逐飞科技(QQ790875685)
   13           * @version       查看doc内version文件 版本说明
   14           * @Software    MDK FOR C251 V5.60
   15           * @Target core   STC16F40K128
   16           * @Taobao      https://seekfree.taobao.com/
   17           * @date          2020-4-14
   18           ********************************************************************************************************
             -************/
   19          
   20          
   21          #include "zf_delay.h"
   22          #include "board.h"
   23          #include "intrins.h"
   24          
   25          vuint16 zf_delay_ms = 0;
   26          vuint16 zf_delay_us = 0;
   27          
   28          //-------------------------------------------------------------------------------------------------------
             -------------
   29          //  @brief      软件延时函数初始化
   30          //  @param      NULL         
   31          //  @return     void
   32          //  Sample usage:               无需用户调用，用户请使用h文件中的宏定义
   33          //-------------------------------------------------------------------------------------------------------
             -------------
   34          void delay_init(void)
   35          {
   36   1        zf_delay_ms = sys_clk / 6000;
   37   1        zf_delay_us = sys_clk / 7000000;
   38   1        if(sys_clk <= 12000000) zf_delay_us++;
   39   1      
   40   1      }
   41          
   42          //-------------------------------------------------------------------------------------------------------
             -------------
   43          //  @brief      软件延时函数
   44          //  @param      x             需要延时的时间（ms）
   45          //  @return     void
   46          //  Sample usage:               无需用户调用，用户请使用h文件中的宏定义
   47          //-------------------------------------------------------------------------------------------------------
             -------------
   48          void delay_ms(uint16 ms)
   49          {
   50   1        uint16 i;
   51   1        do {
C251 COMPILER V5.60.0,  zf_delay                                                           25/09/22  22:18:57  PAGE 2   

   52   2            i = zf_delay_ms;
   53   2            //i = sys_clk/6000;//参数: ms,要延时的ms数, 这里只支持1~255ms. 自动适应主时钟.
   54   2            while(--i);
   55   2           }while(--ms);
   56   1      }
   57          
   58          //-------------------------------------------------------------------------------------------------------
             -------------
   59          //  @brief      软件延时函数(这是一个不准确的延时)
   60          //  @param      x             需要延时的时间（us）
   61          //  @return     void
   62          //  Sample usage:               无需用户调用，用户请使用h文件中的宏定义
   63          //-------------------------------------------------------------------------------------------------------
             -------------
   64          void delay_us(uint32 us)
   65          {
   66   1        uint16 i;
   67   1        do {
   68   2            i = zf_delay_us;
   69   2            //i = sys_clk/6000;//参数: ms,要延时的ms数, 这里只支持1~255ms. 自动适应主时钟.
   70   2            while(--i);
   71   2           }while(--us);
   72   1      }


Module Information          Static   Overlayable
------------------------------------------------
  code size            =       105     ------
  ecode size           =    ------     ------
  data size            =    ------     ------
  idata size           =    ------     ------
  pdata size           =    ------     ------
  xdata size           =    ------     ------
  xdata-const size     =    ------     ------
  edata size           =         4     ------
  bit size             =    ------     ------
  ebit size            =    ------     ------
  bitaddressable size  =    ------     ------
  ebitaddressable size =    ------     ------
  far data size        =    ------     ------
  huge data size       =    ------     ------
  const size           =    ------     ------
  hconst size          =        12     ------
End of Module Information.


C251 COMPILATION COMPLETE.  0 WARNING(S),  0 ERROR(S)
