C251 COMPILER V5.60.0,  zf_nvic                                                            25/09/22  22:18:58  PAGE 1   


C251 COMPILER V5.60.0, COMPILATION OF MODULE zf_nvic
OBJECT MODULE PLACED IN .\Out_File\zf_nvic.obj
COMPILER INVOKED BY: D:\Keil_v5\C251\BIN\C251.EXE ..\..\Libraries\seekfree_libraries\zf_nvic.c XSMALL INTR2 WARNINGLEVEL
                    -(3) BROWSE INCDIR(..\..\Libraries\libraries;..\..\Libraries\seekfree_libraries;..\..\Libraries\seekfree_peripheral;..\CO
                    -DE;..\USER\inc;..\USER\src) DEBUG PRINT(.\Out_File\zf_nvic.lst) TABS(2) OBJECT(.\Out_File\zf_nvic.obj) 

stmt  level    source

    1          /********************************************************************************************************
             -*************
    2           * COPYRIGHT NOTICE
    3           * Copyright (c) 2020,逐飞科技
    4           * All rights reserved.
    5           * 技术讨论QQ群：一群：179029047(已满)  二群：244861897(已满)  三群：824575535
    6           *
    7           * 以下所有内容版权均属逐飞科技所有，未经允许不得用于商业用途，
    8           * 欢迎各位使用并传播本程序，修改内容时必须保留逐飞科技的版权声明。
    9           *
   10           * @file          apic(中断优先级管理)
   11           * @company       成都逐飞科技有限公司
   12           * @author        逐飞科技(QQ790875685)
   13           * @version       查看doc内version文件 版本说明
   14           * @Software    MDK FOR C251 V5.60
   15           * @Target core   STC8H8K64x
   16           * @Taobao      https://seekfree.taobao.com/
   17           * @date          2020-4-14
   18           ********************************************************************************************************
             -************/
   19          #include "zf_nvic.h"
   20          
   21          //-------------------------------------------------------------------------------------------------------
             -------------
   22          //  @brief      中断优先级管理
   23          //  @param      irqn         选择IRQn模块
   24          //  @param      priority     从0到3，优先级依次增加
   25          //  @return     void
   26          //  Sample usage:            NVIC_SetPriority(UART1_IRQn, 3); //设置串口 1 中断优先级为 3 级（最高级）
   27          //  @note          如果在周期中断中，通过串口发送数据。
   28          //               那么串口中断的优先级一定要高于周期中断的优先级
   29          //               这样才能正常发送数据。 
   30          //-------------------------------------------------------------------------------------------------------
             -------------
   31          void NVIC_SetPriority(NVIC_IRQn_enum irqn,uint8 priority)
   32          {
   33   1        if((irqn >> 4) == 0)
   34   1        {
   35   2          IP  |= (priority & 0x01) << (irqn & 0x0F);
   36   2          IPH |= ((priority >> 1) & 0x01) << (irqn & 0x0F);
   37   2        }
   38   1        else if((irqn >> 4) == 1)
   39   1        {
   40   2          IP2  |= (priority & 0x01) << (irqn & 0x0F);
   41   2          IP2H |= ((priority >> 1) & 0x01) << (irqn & 0x0F);
   42   2        }
   43   1        else if((irqn >> 4) == 2)
   44   1        {
   45   2      //    IP3  |= (priority & 0x01) << (irqn & 0x0F);
   46   2      //    IP3H |= ((priority >> 1) & 0x01) << (irqn & 0x0F);
   47   2        }
   48   1      }
   49          


Module Information          Static   Overlayable
------------------------------------------------
  code size            =       108     ------
C251 COMPILER V5.60.0,  zf_nvic                                                            25/09/22  22:18:58  PAGE 2   

  ecode size           =    ------     ------
  data size            =    ------     ------
  idata size           =    ------     ------
  pdata size           =    ------     ------
  xdata size           =    ------     ------
  xdata-const size     =    ------     ------
  edata size           =    ------     ------
  bit size             =    ------     ------
  ebit size            =    ------     ------
  bitaddressable size  =    ------     ------
  ebitaddressable size =    ------     ------
  far data size        =    ------     ------
  huge data size       =    ------     ------
  const size           =    ------     ------
  hconst size          =    ------     ------
End of Module Information.


C251 COMPILATION COMPLETE.  0 WARNING(S),  0 ERROR(S)
